<!DOCTYPE html PUBLIC "-//W3C//DTD XHTML 1.1//EN" "http://www.w3.org/TR/xhtml11/DTD/xhtml11.dtd">
<html xmlns="http://www.w3.org/1999/xhtml">
<head>
<meta http-equiv="content-type" content="text/html; charset=UTF-8"/>
<title>TestNG Report</title>
<style type="text/css">table {margin-bottom:10px;border-collapse:collapse;empty-cells:show}th,td {border:1px solid #009;padding:.25em .5em}th {vertical-align:bottom}td {vertical-align:top}table a {font-weight:bold}.stripe td {background-color: #E6EBF9}.num {text-align:right}.passedodd td {background-color: #3F3}.passedeven td {background-color: #0A0}.skippedodd td {background-color: #DDD}.skippedeven td {background-color: #CCC}.failedodd td,.attn {background-color: #F33}.failedeven td,.stripe .attn {background-color: #D00}.stacktrace {white-space:pre;font-family:monospace}.totop {font-size:85%;text-align:center;border-bottom:2px solid #000}.invisible {display:none}</style>
</head>
<body>
<table>
<tr><th>Test</th><th># Passed</th><th># Skipped</th><th># Retried</th><th># Failed</th><th>Time (ms)</th><th>Included Groups</th><th>Excluded Groups</th></tr>
<tr><th colspan="8">Command line suite</th></tr>
<tr><td><a href="#t0">Command line test</a></td><td class="num">20</td><td class="num attn">69</td><td class="num">0</td><td class="num attn">16</td><td class="num">164,642</td><td></td><td></td></tr>
</table>
<table id='summary'><thead><tr><th>Class</th><th>Method</th><th>Start</th><th>Time (ms)</th></tr></thead><tbody><tr><th colspan="4">Command line suite</th></tr></tbody><tbody id="t0"><tr><th colspan="4">Command line test &#8212; failed</th></tr><tr class="failedeven"><td rowspan="5">testBuyAirtime.BuyAirtimeTest</td><td><a href="#m0">clickBuyAirtimePage</a></td><td rowspan="1">1590438951845</td><td rowspan="1">8</td></tr><tr class="failedeven"><td><a href="#m1">clickRequestMoneyPage</a></td><td rowspan="1">1590438951864</td><td rowspan="1">1</td></tr><tr class="failedeven"><td><a href="#m2">clickSettings</a></td><td rowspan="1">1590438951869</td><td rowspan="1">0</td></tr><tr class="failedeven"><td><a href="#m3">clickSubWalletsMenu</a></td><td rowspan="1">1590438951874</td><td rowspan="1">0</td></tr><tr class="failedeven"><td><a href="#m4">clickTransactions</a></td><td rowspan="1">1590438951877</td><td rowspan="1">0</td></tr><tr class="failedodd"><td rowspan="6">testDashboard.DashboardTest</td><td><a href="#m5">clickBuyAirtimePage</a></td><td rowspan="1">1590438951862</td><td rowspan="1">0</td></tr><tr class="failedodd"><td><a href="#m6">clickRequestMoneyPage</a></td><td rowspan="1">1590438951867</td><td rowspan="1">0</td></tr><tr class="failedodd"><td><a href="#m7">clickSettings</a></td><td rowspan="1">1590438951872</td><td rowspan="1">0</td></tr><tr class="failedodd"><td><a href="#m8">clickSubWalletsMenu</a></td><td rowspan="1">1590438951875</td><td rowspan="1">1</td></tr><tr class="failedodd"><td><a href="#m9">clickTransactions</a></td><td rowspan="1">1590438951880</td><td rowspan="1">0</td></tr><tr class="failedodd"><td><a href="#m10">userLogin</a></td><td rowspan="1">1590438958152</td><td rowspan="1">10107</td></tr><tr class="failedeven"><td rowspan="1">testLogin.LoginTest</td><td><a href="#m11">userLogin</a></td><td rowspan="1">1590438968306</td><td rowspan="1">10037</td></tr><tr class="failedodd"><td rowspan="1">testRequestMoney.RequestMoneyPageTest</td><td><a href="#m12">userLogin</a></td><td rowspan="1">1590439004078</td><td rowspan="1">10039</td></tr><tr class="failedeven"><td rowspan="1">testSettings.SettingsTest</td><td><a href="#m13">userLogin</a></td><td rowspan="1">1590439039956</td><td rowspan="1">10039</td></tr><tr class="failedodd"><td rowspan="1">testSubWallet.SubWalletTest</td><td><a href="#m14">userLogin</a></td><td rowspan="1">1590439070688</td><td rowspan="1">10030</td></tr><tr class="failedeven"><td rowspan="1">testTransactions.TransactionsTest</td><td><a href="#m15">userLogin</a></td><td rowspan="1">1590439106383</td><td rowspan="1">10033</td></tr><tr><th colspan="4">Command line test &#8212; skipped</th></tr><tr class="skippedeven"><td rowspan="9">testBuyAirtime.BuyAirtimeTest</td><td><a href="#m16">BuyAirtime</a></td><td rowspan="1">1590438968276</td><td rowspan="1">0</td></tr><tr class="skippedeven"><td><a href="#m17">clickViewMoreButton</a></td><td rowspan="1">1590438968279</td><td rowspan="1">0</td></tr><tr class="skippedeven"><td><a href="#m18">fundWalletBitCoin</a></td><td rowspan="1">1590438968282</td><td rowspan="1">0</td></tr><tr class="skippedeven"><td><a href="#m19">fundWalletDebitCard</a></td><td rowspan="1">1590438968285</td><td rowspan="1">0</td></tr><tr class="skippedeven"><td><a href="#m20">getOverdraft</a></td><td rowspan="1">1590438968288</td><td rowspan="1">0</td></tr><tr class="skippedeven"><td><a href="#m21">logout</a></td><td rowspan="1">1590438968289</td><td rowspan="1">0</td></tr><tr class="skippedeven"><td><a href="#m22">viewDashboard</a></td><td rowspan="1">1590438968290</td><td rowspan="1">0</td></tr><tr class="skippedeven"><td><a href="#m23">viewProfile</a></td><td rowspan="1">1590438968291</td><td rowspan="1">0</td></tr><tr class="skippedeven"><td><a href="#m24">viewTransactionSummary</a></td><td rowspan="1">1590438968291</td><td rowspan="1">0</td></tr><tr class="skippedodd"><td rowspan="8">testDashboard.DashboardTest</td><td><a href="#m25">clickViewMoreButton</a></td><td rowspan="1">1590438968293</td><td rowspan="1">0</td></tr><tr class="skippedodd"><td><a href="#m26">fundWalletBitCoin</a></td><td rowspan="1">1590438968295</td><td rowspan="1">0</td></tr><tr class="skippedodd"><td><a href="#m27">fundWalletDebitCard</a></td><td rowspan="1">1590438968297</td><td rowspan="1">0</td></tr><tr class="skippedodd"><td><a href="#m28">getOverdraft</a></td><td rowspan="1">1590438968301</td><td rowspan="1">0</td></tr><tr class="skippedodd"><td><a href="#m29">logout</a></td><td rowspan="1">1590438968302</td><td rowspan="1">0</td></tr><tr class="skippedodd"><td><a href="#m30">viewDashboard</a></td><td rowspan="1">1590438968303</td><td rowspan="1">0</td></tr><tr class="skippedodd"><td><a href="#m31">viewProfile</a></td><td rowspan="1">1590438968303</td><td rowspan="1">0</td></tr><tr class="skippedodd"><td><a href="#m32">viewTransactionSummary</a></td><td rowspan="1">1590438968304</td><td rowspan="1">0</td></tr><tr class="skippedeven"><td rowspan="12">testRequestMoney.RequestMoneyPageTest</td><td><a href="#m33">clickCopy</a></td><td rowspan="1">1590439014124</td><td rowspan="1">0</td></tr><tr class="skippedeven"><td><a href="#m34">clickDelete</a></td><td rowspan="1">1590439014124</td><td rowspan="1">0</td></tr><tr class="skippedeven"><td><a href="#m35">clickViewMoreButton</a></td><td rowspan="1">1590439014120</td><td rowspan="1">0</td></tr><tr class="skippedeven"><td><a href="#m36">clickVisit</a></td><td rowspan="1">1590439014125</td><td rowspan="1">0</td></tr><tr class="skippedeven"><td><a href="#m37">createNewRequest</a></td><td rowspan="1">1590439014126</td><td rowspan="1">0</td></tr><tr class="skippedeven"><td><a href="#m38">fundWalletBitCoin</a></td><td rowspan="1">1590439014120</td><td rowspan="1">0</td></tr><tr class="skippedeven"><td><a href="#m39">fundWalletDebitCard</a></td><td rowspan="1">1590439014121</td><td rowspan="1">0</td></tr><tr class="skippedeven"><td><a href="#m40">getOverdraft</a></td><td rowspan="1">1590439014121</td><td rowspan="1">0</td></tr><tr class="skippedeven"><td><a href="#m41">logout</a></td><td rowspan="1">1590439014122</td><td rowspan="1">0</td></tr><tr class="skippedeven"><td><a href="#m42">viewDashboard</a></td><td rowspan="1">1590439014122</td><td rowspan="1">0</td></tr><tr class="skippedeven"><td><a href="#m43">viewProfile</a></td><td rowspan="1">1590439014123</td><td rowspan="1">0</td></tr><tr class="skippedeven"><td><a href="#m44">viewTransactionSummary</a></td><td rowspan="1">1590439014123</td><td rowspan="1">0</td></tr><tr class="skippedodd"><td rowspan="13">testSettings.SettingsTest</td><td><a href="#m45">changePassword</a></td><td rowspan="1">1590439050005</td><td rowspan="1">0</td></tr><tr class="skippedodd"><td><a href="#m46">changePin</a></td><td rowspan="1">1590439050005</td><td rowspan="1">0</td></tr><tr class="skippedodd"><td><a href="#m47">clickViewMoreButton</a></td><td rowspan="1">1590439050000</td><td rowspan="1">0</td></tr><tr class="skippedodd"><td><a href="#m48">editBusinessAddress</a></td><td rowspan="1">1590439050006</td><td rowspan="1">0</td></tr><tr class="skippedodd"><td><a href="#m49">fundWalletBitCoin</a></td><td rowspan="1">1590439050001</td><td rowspan="1">0</td></tr><tr class="skippedodd"><td><a href="#m50">fundWalletDebitCard</a></td><td rowspan="1">1590439050001</td><td rowspan="1">0</td></tr><tr class="skippedodd"><td><a href="#m51">getItOnAppStore</a></td><td rowspan="1">1590439050006</td><td rowspan="1">0</td></tr><tr class="skippedodd"><td><a href="#m52">getItOnGoogle</a></td><td rowspan="1">1590439050007</td><td rowspan="1">0</td></tr><tr class="skippedodd"><td><a href="#m53">getOverdraft</a></td><td rowspan="1">1590439050003</td><td rowspan="1">0</td></tr><tr class="skippedodd"><td><a href="#m54">logout</a></td><td rowspan="1">1590439050003</td><td rowspan="1">0</td></tr><tr class="skippedodd"><td><a href="#m55">viewDashboard</a></td><td rowspan="1">1590439050003</td><td rowspan="1">0</td></tr><tr class="skippedodd"><td><a href="#m56">viewProfile</a></td><td rowspan="1">1590439050004</td><td rowspan="1">0</td></tr><tr class="skippedodd"><td><a href="#m57">viewTransactionSummary</a></td><td rowspan="1">1590439050004</td><td rowspan="1">0</td></tr><tr class="skippedeven"><td rowspan="13">testSubWallet.SubWalletTest</td><td><a href="#m58">clickSubWalletsMenu</a></td><td rowspan="1">1590439080726</td><td rowspan="1">0</td></tr><tr class="skippedeven"><td><a href="#m59">clickViewMoreButton</a></td><td rowspan="1">1590439080721</td><td rowspan="1">0</td></tr><tr class="skippedeven"><td><a href="#m60">createNewSubWallet</a></td><td rowspan="1">1590439080727</td><td rowspan="1">0</td></tr><tr class="skippedeven"><td><a href="#m61">fundWallet</a></td><td rowspan="1">1590439080728</td><td rowspan="1">0</td></tr><tr class="skippedeven"><td><a href="#m62">fundWalletBitCoin</a></td><td rowspan="1">1590439080723</td><td rowspan="1">0</td></tr><tr class="skippedeven"><td><a href="#m63">fundWalletDebitCard</a></td><td rowspan="1">1590439080723</td><td rowspan="1">0</td></tr><tr class="skippedeven"><td><a href="#m64">getOverdraft</a></td><td rowspan="1">1590439080724</td><td rowspan="1">0</td></tr><tr class="skippedeven"><td><a href="#m65">logout</a></td><td rowspan="1">1590439080724</td><td rowspan="1">0</td></tr><tr class="skippedeven"><td><a href="#m66">viewASubWallet</a></td><td rowspan="1">1590439080728</td><td rowspan="1">0</td></tr><tr class="skippedeven"><td><a href="#m67">viewDashboard</a></td><td rowspan="1">1590439080724</td><td rowspan="1">0</td></tr><tr class="skippedeven"><td><a href="#m68">viewProfile</a></td><td rowspan="1">1590439080725</td><td rowspan="1">0</td></tr><tr class="skippedeven"><td><a href="#m69">viewTransactionSummary</a></td><td rowspan="1">1590439080725</td><td rowspan="1">0</td></tr><tr class="skippedeven"><td><a href="#m70">withdrawFromSubWallet</a></td><td rowspan="1">1590439080728</td><td rowspan="1">0</td></tr><tr class="skippedodd"><td rowspan="14">testTransactions.TransactionsTest</td><td><a href="#m71">clickViewMoreButton</a></td><td rowspan="1">1590439116418</td><td rowspan="1">0</td></tr><tr class="skippedodd"><td><a href="#m72">exportTransaction</a></td><td rowspan="1">1590439116420</td><td rowspan="1">0</td></tr><tr class="skippedodd"><td><a href="#m73">fundWalletBitCoin</a></td><td rowspan="1">1590439116418</td><td rowspan="1">0</td></tr><tr class="skippedodd"><td><a href="#m74">fundWalletDebitCard</a></td><td rowspan="1">1590439116418</td><td rowspan="1">0</td></tr><tr class="skippedodd"><td><a href="#m75">getOverdraft</a></td><td rowspan="1">1590439116419</td><td rowspan="1">0</td></tr><tr class="skippedodd"><td><a href="#m76">logout</a></td><td rowspan="1">1590439116419</td><td rowspan="1">0</td></tr><tr class="skippedodd"><td><a href="#m77">reportTransaction</a></td><td rowspan="1">1590439116421</td><td rowspan="1">0</td></tr><tr class="skippedodd"><td><a href="#m78">searchByCategory</a></td><td rowspan="1">1590439116421</td><td rowspan="1">0</td></tr><tr class="skippedodd"><td><a href="#m79">searchByDate</a></td><td rowspan="1">1590439116422</td><td rowspan="1">0</td></tr><tr class="skippedodd"><td><a href="#m80">viewAllTransactions</a></td><td rowspan="1">1590439116422</td><td rowspan="1">0</td></tr><tr class="skippedodd"><td><a href="#m81">viewDashboard</a></td><td rowspan="1">1590439116419</td><td rowspan="1">0</td></tr><tr class="skippedodd"><td><a href="#m82">viewProfile</a></td><td rowspan="1">1590439116420</td><td rowspan="1">0</td></tr><tr class="skippedodd"><td><a href="#m83">viewTransaction</a></td><td rowspan="1">1590439116422</td><td rowspan="1">0</td></tr><tr class="skippedodd"><td><a href="#m84">viewTransactionSummary</a></td><td rowspan="1">1590439116420</td><td rowspan="1">0</td></tr><tr><th colspan="4">Command line test &#8212; passed</th></tr><tr class="passedeven"><td rowspan="1">testBuyAirtime.BuyAirtimeTest</td><td><a href="#m85">userLogin</a></td><td rowspan="1">1590438951896</td><td rowspan="1">6251</td></tr><tr class="passedodd"><td rowspan="5">testRequestMoney.RequestMoneyPageTest</td><td><a href="#m86">clickBuyAirtimePage</a></td><td rowspan="1">1590438978349</td><td rowspan="1">5196</td></tr><tr class="passedodd"><td><a href="#m87">clickRequestMoneyPage</a></td><td rowspan="1">1590438983546</td><td rowspan="1">5117</td></tr><tr class="passedodd"><td><a href="#m88">clickSettings</a></td><td rowspan="1">1590438988664</td><td rowspan="1">5122</td></tr><tr class="passedodd"><td><a href="#m89">clickSubWalletsMenu</a></td><td rowspan="1">1590438993787</td><td rowspan="1">5134</td></tr><tr class="passedodd"><td><a href="#m90">clickTransactions</a></td><td rowspan="1">1590438998922</td><td rowspan="1">5154</td></tr><tr class="passedeven"><td rowspan="5">testSettings.SettingsTest</td><td><a href="#m91">clickBuyAirtimePage</a></td><td rowspan="1">1590439014128</td><td rowspan="1">5367</td></tr><tr class="passedeven"><td><a href="#m92">clickRequestMoneyPage</a></td><td rowspan="1">1590439019495</td><td rowspan="1">5098</td></tr><tr class="passedeven"><td><a href="#m93">clickSettings</a></td><td rowspan="1">1590439024593</td><td rowspan="1">5159</td></tr><tr class="passedeven"><td><a href="#m94">clickSubWalletsMenu</a></td><td rowspan="1">1590439029753</td><td rowspan="1">5081</td></tr><tr class="passedeven"><td><a href="#m95">clickTransactions</a></td><td rowspan="1">1590439034834</td><td rowspan="1">5121</td></tr><tr class="passedodd"><td rowspan="4">testSubWallet.SubWalletTest</td><td><a href="#m96">clickBuyAirtimePage</a></td><td rowspan="1">1590439050008</td><td rowspan="1">5170</td></tr><tr class="passedodd"><td><a href="#m97">clickRequestMoneyPage</a></td><td rowspan="1">1590439055178</td><td rowspan="1">5157</td></tr><tr class="passedodd"><td><a href="#m98">clickSettings</a></td><td rowspan="1">1590439060335</td><td rowspan="1">5161</td></tr><tr class="passedodd"><td><a href="#m99">clickTransactions</a></td><td rowspan="1">1590439065498</td><td rowspan="1">5190</td></tr><tr class="passedeven"><td rowspan="5">testTransactions.TransactionsTest</td><td><a href="#m100">clickBuyAirtimePage</a></td><td rowspan="1">1590439080730</td><td rowspan="1">5168</td></tr><tr class="passedeven"><td><a href="#m101">clickRequestMoneyPage</a></td><td rowspan="1">1590439085899</td><td rowspan="1">5164</td></tr><tr class="passedeven"><td><a href="#m102">clickSettings</a></td><td rowspan="1">1590439091063</td><td rowspan="1">5095</td></tr><tr class="passedeven"><td><a href="#m103">clickSubWalletsMenu</a></td><td rowspan="1">1590439096158</td><td rowspan="1">5109</td></tr><tr class="passedeven"><td><a href="#m104">clickTransactions</a></td><td rowspan="1">1590439101267</td><td rowspan="1">5115</td></tr></tbody>
</table>
<h2>Command line test</h2><h3 id="m0">testBuyAirtime.BuyAirtimeTest#clickBuyAirtimePage</h3><table class="result"><tr><th>Exception</th></tr><tr><td><div class="stacktrace">java.lang.NullPointerException
	at testDashboard.DashboardTest.clickBuyAirtimePage(DashboardTest.java:121)
	at java.util.ArrayList.forEach(ArrayList.java:1257)
... Removed 37 stack frames</div></td></tr></table><p class="totop"><a href="#summary">back to summary</a></p>
<h3 id="m1">testBuyAirtime.BuyAirtimeTest#clickRequestMoneyPage</h3><table class="result"><tr><th>Exception</th></tr><tr><td><div class="stacktrace">java.lang.NullPointerException
	at testDashboard.DashboardTest.clickRequestMoneyPage(DashboardTest.java:115)
	at java.util.ArrayList.forEach(ArrayList.java:1257)
... Removed 37 stack frames</div></td></tr></table><p class="totop"><a href="#summary">back to summary</a></p>
<h3 id="m2">testBuyAirtime.BuyAirtimeTest#clickSettings</h3><table class="result"><tr><th>Exception</th></tr><tr><td><div class="stacktrace">java.lang.NullPointerException
	at testDashboard.DashboardTest.clickSettings(DashboardTest.java:127)
	at java.util.ArrayList.forEach(ArrayList.java:1257)
... Removed 37 stack frames</div></td></tr></table><p class="totop"><a href="#summary">back to summary</a></p>
<h3 id="m3">testBuyAirtime.BuyAirtimeTest#clickSubWalletsMenu</h3><table class="result"><tr><th>Exception</th></tr><tr><td><div class="stacktrace">java.lang.NullPointerException
	at testDashboard.DashboardTest.clickSubWalletsMenu(DashboardTest.java:109)
	at java.util.ArrayList.forEach(ArrayList.java:1257)
... Removed 37 stack frames</div></td></tr></table><p class="totop"><a href="#summary">back to summary</a></p>
<h3 id="m4">testBuyAirtime.BuyAirtimeTest#clickTransactions</h3><table class="result"><tr><th>Exception</th></tr><tr><td><div class="stacktrace">java.lang.NullPointerException
	at testDashboard.DashboardTest.clickTransactions(DashboardTest.java:133)
	at java.util.ArrayList.forEach(ArrayList.java:1257)
... Removed 37 stack frames</div></td></tr></table><p class="totop"><a href="#summary">back to summary</a></p>
<h3 id="m5">testDashboard.DashboardTest#clickBuyAirtimePage</h3><table class="result"><tr><th>Exception</th></tr><tr><td><div class="stacktrace">java.lang.NullPointerException
	at testDashboard.DashboardTest.clickBuyAirtimePage(DashboardTest.java:121)
	at java.util.ArrayList.forEach(ArrayList.java:1257)
... Removed 37 stack frames</div></td></tr></table><p class="totop"><a href="#summary">back to summary</a></p>
<h3 id="m6">testDashboard.DashboardTest#clickRequestMoneyPage</h3><table class="result"><tr><th>Exception</th></tr><tr><td><div class="stacktrace">java.lang.NullPointerException
	at testDashboard.DashboardTest.clickRequestMoneyPage(DashboardTest.java:115)
	at java.util.ArrayList.forEach(ArrayList.java:1257)
... Removed 37 stack frames</div></td></tr></table><p class="totop"><a href="#summary">back to summary</a></p>
<h3 id="m7">testDashboard.DashboardTest#clickSettings</h3><table class="result"><tr><th>Exception</th></tr><tr><td><div class="stacktrace">java.lang.NullPointerException
	at testDashboard.DashboardTest.clickSettings(DashboardTest.java:127)
	at java.util.ArrayList.forEach(ArrayList.java:1257)
... Removed 37 stack frames</div></td></tr></table><p class="totop"><a href="#summary">back to summary</a></p>
<h3 id="m8">testDashboard.DashboardTest#clickSubWalletsMenu</h3><table class="result"><tr><th>Exception</th></tr><tr><td><div class="stacktrace">java.lang.NullPointerException
	at testDashboard.DashboardTest.clickSubWalletsMenu(DashboardTest.java:109)
	at java.util.ArrayList.forEach(ArrayList.java:1257)
... Removed 37 stack frames</div></td></tr></table><p class="totop"><a href="#summary">back to summary</a></p>
<h3 id="m9">testDashboard.DashboardTest#clickTransactions</h3><table class="result"><tr><th>Exception</th></tr><tr><td><div class="stacktrace">java.lang.NullPointerException
	at testDashboard.DashboardTest.clickTransactions(DashboardTest.java:133)
	at java.util.ArrayList.forEach(ArrayList.java:1257)
... Removed 37 stack frames</div></td></tr></table><p class="totop"><a href="#summary">back to summary</a></p>
<h3 id="m10">testDashboard.DashboardTest#userLogin</h3><table class="result"><tr class="param"><th>Parameter #1</th><th>Parameter #2</th></tr><tr class="param stripe"><td>wallet-sub@assurdly.com</td><td>6wqpjmz3cgxzxupxmu1o</td></tr><tr><th colspan="2">Exception</th></tr><tr><td colspan="2"><div class="stacktrace">org.openqa.selenium.NoSuchElementException: no such element: Unable to locate element: {&quot;method&quot;:&quot;xpath&quot;,&quot;selector&quot;:&quot;//input[@formcontrolname = &apos;email&apos;]&quot;}
  (Session info: chrome=81.0.4044.138)
For documentation on this error, please visit: https://www.seleniumhq.org/exceptions/no_such_element.html
Build info: version: &apos;3.141.59&apos;, revision: &apos;e82be7d358&apos;, time: &apos;2018-11-14T08:17:03&apos;
System info: host: &apos;EZEKIELLA&apos;, ip: &apos;192.168.178.42&apos;, os.name: &apos;Windows 10&apos;, os.arch: &apos;amd64&apos;, os.version: &apos;10.0&apos;, java.version: &apos;1.8.0_191&apos;
Driver info: org.openqa.selenium.chrome.ChromeDriver
Capabilities {acceptInsecureCerts: false, browserName: chrome, browserVersion: 81.0.4044.138, chrome: {chromedriverVersion: 80.0.3987.106 (f68069574609..., userDataDir: C:\Users\JE\AppData\Local\T...}, goog:chromeOptions: {debuggerAddress: localhost:57920}, javascriptEnabled: true, networkConnectionEnabled: false, pageLoadStrategy: normal, platform: WINDOWS, platformName: WINDOWS, proxy: Proxy(), setWindowRect: true, strictFileInteractability: false, timeouts: {implicit: 0, pageLoad: 300000, script: 30000}, unhandledPromptBehavior: dismiss and notify}
Session ID: 9b9a5d2a8ed066a7c7de1fb1f21cf75e
*** Element info: {Using=xpath, value=//input[@formcontrolname = &apos;email&apos;]}
	at org.openqa.selenium.remote.http.W3CHttpResponseCodec.createException(W3CHttpResponseCodec.java:187)
	at org.openqa.selenium.remote.http.W3CHttpResponseCodec.decode(W3CHttpResponseCodec.java:122)
	at org.openqa.selenium.remote.http.W3CHttpResponseCodec.decode(W3CHttpResponseCodec.java:49)
	at org.openqa.selenium.remote.HttpCommandExecutor.execute(HttpCommandExecutor.java:158)
	at org.openqa.selenium.remote.service.DriverCommandExecutor.execute(DriverCommandExecutor.java:83)
	at org.openqa.selenium.remote.RemoteWebDriver.execute(RemoteWebDriver.java:552)
	at org.openqa.selenium.remote.RemoteWebDriver.findElement(RemoteWebDriver.java:323)
	at org.openqa.selenium.remote.RemoteWebDriver.findElementByXPath(RemoteWebDriver.java:428)
	at org.openqa.selenium.By$ByXPath.findElement(By.java:353)
	at org.openqa.selenium.remote.RemoteWebDriver.findElement(RemoteWebDriver.java:315)
	at pages.LoginPage.enterUserEmail(LoginPage.java:20)
	at testLogin.LoginTest.userLogin(LoginTest.java:15)
	at java.util.ArrayList.forEach(ArrayList.java:1257)
... Removed 41 stack frames</div></td></tr></table><p class="totop"><a href="#summary">back to summary</a></p>
<h3 id="m11">testLogin.LoginTest#userLogin</h3><table class="result"><tr class="param"><th>Parameter #1</th><th>Parameter #2</th></tr><tr class="param stripe"><td>wallet-sub@assurdly.com</td><td>6wqpjmz3cgxzxupxmu1o</td></tr><tr><th colspan="2">Exception</th></tr><tr><td colspan="2"><div class="stacktrace">org.openqa.selenium.NoSuchElementException: no such element: Unable to locate element: {&quot;method&quot;:&quot;xpath&quot;,&quot;selector&quot;:&quot;//input[@formcontrolname = &apos;email&apos;]&quot;}
  (Session info: chrome=81.0.4044.138)
For documentation on this error, please visit: https://www.seleniumhq.org/exceptions/no_such_element.html
Build info: version: &apos;3.141.59&apos;, revision: &apos;e82be7d358&apos;, time: &apos;2018-11-14T08:17:03&apos;
System info: host: &apos;EZEKIELLA&apos;, ip: &apos;192.168.178.42&apos;, os.name: &apos;Windows 10&apos;, os.arch: &apos;amd64&apos;, os.version: &apos;10.0&apos;, java.version: &apos;1.8.0_191&apos;
Driver info: org.openqa.selenium.chrome.ChromeDriver
Capabilities {acceptInsecureCerts: false, browserName: chrome, browserVersion: 81.0.4044.138, chrome: {chromedriverVersion: 80.0.3987.106 (f68069574609..., userDataDir: C:\Users\JE\AppData\Local\T...}, goog:chromeOptions: {debuggerAddress: localhost:57920}, javascriptEnabled: true, networkConnectionEnabled: false, pageLoadStrategy: normal, platform: WINDOWS, platformName: WINDOWS, proxy: Proxy(), setWindowRect: true, strictFileInteractability: false, timeouts: {implicit: 0, pageLoad: 300000, script: 30000}, unhandledPromptBehavior: dismiss and notify}
Session ID: 9b9a5d2a8ed066a7c7de1fb1f21cf75e
*** Element info: {Using=xpath, value=//input[@formcontrolname = &apos;email&apos;]}
	at org.openqa.selenium.remote.http.W3CHttpResponseCodec.createException(W3CHttpResponseCodec.java:187)
	at org.openqa.selenium.remote.http.W3CHttpResponseCodec.decode(W3CHttpResponseCodec.java:122)
	at org.openqa.selenium.remote.http.W3CHttpResponseCodec.decode(W3CHttpResponseCodec.java:49)
	at org.openqa.selenium.remote.HttpCommandExecutor.execute(HttpCommandExecutor.java:158)
	at org.openqa.selenium.remote.service.DriverCommandExecutor.execute(DriverCommandExecutor.java:83)
	at org.openqa.selenium.remote.RemoteWebDriver.execute(RemoteWebDriver.java:552)
	at org.openqa.selenium.remote.RemoteWebDriver.findElement(RemoteWebDriver.java:323)
	at org.openqa.selenium.remote.RemoteWebDriver.findElementByXPath(RemoteWebDriver.java:428)
	at org.openqa.selenium.By$ByXPath.findElement(By.java:353)
	at org.openqa.selenium.remote.RemoteWebDriver.findElement(RemoteWebDriver.java:315)
	at pages.LoginPage.enterUserEmail(LoginPage.java:20)
	at testLogin.LoginTest.userLogin(LoginTest.java:15)
	at java.util.ArrayList.forEach(ArrayList.java:1257)
... Removed 41 stack frames</div></td></tr></table><p class="totop"><a href="#summary">back to summary</a></p>
<h3 id="m12">testRequestMoney.RequestMoneyPageTest#userLogin</h3><table class="result"><tr class="param"><th>Parameter #1</th><th>Parameter #2</th></tr><tr class="param stripe"><td>wallet-sub@assurdly.com</td><td>6wqpjmz3cgxzxupxmu1o</td></tr><tr><th colspan="2">Exception</th></tr><tr><td colspan="2"><div class="stacktrace">org.openqa.selenium.NoSuchElementException: no such element: Unable to locate element: {&quot;method&quot;:&quot;xpath&quot;,&quot;selector&quot;:&quot;//input[@formcontrolname = &apos;email&apos;]&quot;}
  (Session info: chrome=81.0.4044.138)
For documentation on this error, please visit: https://www.seleniumhq.org/exceptions/no_such_element.html
Build info: version: &apos;3.141.59&apos;, revision: &apos;e82be7d358&apos;, time: &apos;2018-11-14T08:17:03&apos;
System info: host: &apos;EZEKIELLA&apos;, ip: &apos;192.168.178.42&apos;, os.name: &apos;Windows 10&apos;, os.arch: &apos;amd64&apos;, os.version: &apos;10.0&apos;, java.version: &apos;1.8.0_191&apos;
Driver info: org.openqa.selenium.chrome.ChromeDriver
Capabilities {acceptInsecureCerts: false, browserName: chrome, browserVersion: 81.0.4044.138, chrome: {chromedriverVersion: 80.0.3987.106 (f68069574609..., userDataDir: C:\Users\JE\AppData\Local\T...}, goog:chromeOptions: {debuggerAddress: localhost:57920}, javascriptEnabled: true, networkConnectionEnabled: false, pageLoadStrategy: normal, platform: WINDOWS, platformName: WINDOWS, proxy: Proxy(), setWindowRect: true, strictFileInteractability: false, timeouts: {implicit: 0, pageLoad: 300000, script: 30000}, unhandledPromptBehavior: dismiss and notify}
Session ID: 9b9a5d2a8ed066a7c7de1fb1f21cf75e
*** Element info: {Using=xpath, value=//input[@formcontrolname = &apos;email&apos;]}
	at org.openqa.selenium.remote.http.W3CHttpResponseCodec.createException(W3CHttpResponseCodec.java:187)
	at org.openqa.selenium.remote.http.W3CHttpResponseCodec.decode(W3CHttpResponseCodec.java:122)
	at org.openqa.selenium.remote.http.W3CHttpResponseCodec.decode(W3CHttpResponseCodec.java:49)
	at org.openqa.selenium.remote.HttpCommandExecutor.execute(HttpCommandExecutor.java:158)
	at org.openqa.selenium.remote.service.DriverCommandExecutor.execute(DriverCommandExecutor.java:83)
	at org.openqa.selenium.remote.RemoteWebDriver.execute(RemoteWebDriver.java:552)
	at org.openqa.selenium.remote.RemoteWebDriver.findElement(RemoteWebDriver.java:323)
	at org.openqa.selenium.remote.RemoteWebDriver.findElementByXPath(RemoteWebDriver.java:428)
	at org.openqa.selenium.By$ByXPath.findElement(By.java:353)
	at org.openqa.selenium.remote.RemoteWebDriver.findElement(RemoteWebDriver.java:315)
	at pages.LoginPage.enterUserEmail(LoginPage.java:20)
	at testLogin.LoginTest.userLogin(LoginTest.java:15)
	at java.util.ArrayList.forEach(ArrayList.java:1257)
... Removed 41 stack frames</div></td></tr></table><p class="totop"><a href="#summary">back to summary</a></p>
<h3 id="m13">testSettings.SettingsTest#userLogin</h3><table class="result"><tr class="param"><th>Parameter #1</th><th>Parameter #2</th></tr><tr class="param stripe"><td>wallet-sub@assurdly.com</td><td>6wqpjmz3cgxzxupxmu1o</td></tr><tr><th colspan="2">Exception</th></tr><tr><td colspan="2"><div class="stacktrace">org.openqa.selenium.NoSuchElementException: no such element: Unable to locate element: {&quot;method&quot;:&quot;xpath&quot;,&quot;selector&quot;:&quot;//input[@formcontrolname = &apos;email&apos;]&quot;}
  (Session info: chrome=81.0.4044.138)
For documentation on this error, please visit: https://www.seleniumhq.org/exceptions/no_such_element.html
Build info: version: &apos;3.141.59&apos;, revision: &apos;e82be7d358&apos;, time: &apos;2018-11-14T08:17:03&apos;
System info: host: &apos;EZEKIELLA&apos;, ip: &apos;192.168.178.42&apos;, os.name: &apos;Windows 10&apos;, os.arch: &apos;amd64&apos;, os.version: &apos;10.0&apos;, java.version: &apos;1.8.0_191&apos;
Driver info: org.openqa.selenium.chrome.ChromeDriver
Capabilities {acceptInsecureCerts: false, browserName: chrome, browserVersion: 81.0.4044.138, chrome: {chromedriverVersion: 80.0.3987.106 (f68069574609..., userDataDir: C:\Users\JE\AppData\Local\T...}, goog:chromeOptions: {debuggerAddress: localhost:57920}, javascriptEnabled: true, networkConnectionEnabled: false, pageLoadStrategy: normal, platform: WINDOWS, platformName: WINDOWS, proxy: Proxy(), setWindowRect: true, strictFileInteractability: false, timeouts: {implicit: 0, pageLoad: 300000, script: 30000}, unhandledPromptBehavior: dismiss and notify}
Session ID: 9b9a5d2a8ed066a7c7de1fb1f21cf75e
*** Element info: {Using=xpath, value=//input[@formcontrolname = &apos;email&apos;]}
	at org.openqa.selenium.remote.http.W3CHttpResponseCodec.createException(W3CHttpResponseCodec.java:187)
	at org.openqa.selenium.remote.http.W3CHttpResponseCodec.decode(W3CHttpResponseCodec.java:122)
	at org.openqa.selenium.remote.http.W3CHttpResponseCodec.decode(W3CHttpResponseCodec.java:49)
	at org.openqa.selenium.remote.HttpCommandExecutor.execute(HttpCommandExecutor.java:158)
	at org.openqa.selenium.remote.service.DriverCommandExecutor.execute(DriverCommandExecutor.java:83)
	at org.openqa.selenium.remote.RemoteWebDriver.execute(RemoteWebDriver.java:552)
	at org.openqa.selenium.remote.RemoteWebDriver.findElement(RemoteWebDriver.java:323)
	at org.openqa.selenium.remote.RemoteWebDriver.findElementByXPath(RemoteWebDriver.java:428)
	at org.openqa.selenium.By$ByXPath.findElement(By.java:353)
	at org.openqa.selenium.remote.RemoteWebDriver.findElement(RemoteWebDriver.java:315)
	at pages.LoginPage.enterUserEmail(LoginPage.java:20)
	at testLogin.LoginTest.userLogin(LoginTest.java:15)
	at java.util.ArrayList.forEach(ArrayList.java:1257)
... Removed 41 stack frames</div></td></tr></table><p class="totop"><a href="#summary">back to summary</a></p>
<h3 id="m14">testSubWallet.SubWalletTest#userLogin</h3><table class="result"><tr class="param"><th>Parameter #1</th><th>Parameter #2</th></tr><tr class="param stripe"><td>wallet-sub@assurdly.com</td><td>6wqpjmz3cgxzxupxmu1o</td></tr><tr><th colspan="2">Exception</th></tr><tr><td colspan="2"><div class="stacktrace">org.openqa.selenium.NoSuchElementException: no such element: Unable to locate element: {&quot;method&quot;:&quot;xpath&quot;,&quot;selector&quot;:&quot;//input[@formcontrolname = &apos;email&apos;]&quot;}
  (Session info: chrome=81.0.4044.138)
For documentation on this error, please visit: https://www.seleniumhq.org/exceptions/no_such_element.html
Build info: version: &apos;3.141.59&apos;, revision: &apos;e82be7d358&apos;, time: &apos;2018-11-14T08:17:03&apos;
System info: host: &apos;EZEKIELLA&apos;, ip: &apos;192.168.178.42&apos;, os.name: &apos;Windows 10&apos;, os.arch: &apos;amd64&apos;, os.version: &apos;10.0&apos;, java.version: &apos;1.8.0_191&apos;
Driver info: org.openqa.selenium.chrome.ChromeDriver
Capabilities {acceptInsecureCerts: false, browserName: chrome, browserVersion: 81.0.4044.138, chrome: {chromedriverVersion: 80.0.3987.106 (f68069574609..., userDataDir: C:\Users\JE\AppData\Local\T...}, goog:chromeOptions: {debuggerAddress: localhost:57920}, javascriptEnabled: true, networkConnectionEnabled: false, pageLoadStrategy: normal, platform: WINDOWS, platformName: WINDOWS, proxy: Proxy(), setWindowRect: true, strictFileInteractability: false, timeouts: {implicit: 0, pageLoad: 300000, script: 30000}, unhandledPromptBehavior: dismiss and notify}
Session ID: 9b9a5d2a8ed066a7c7de1fb1f21cf75e
*** Element info: {Using=xpath, value=//input[@formcontrolname = &apos;email&apos;]}
	at org.openqa.selenium.remote.http.W3CHttpResponseCodec.createException(W3CHttpResponseCodec.java:187)
	at org.openqa.selenium.remote.http.W3CHttpResponseCodec.decode(W3CHttpResponseCodec.java:122)
	at org.openqa.selenium.remote.http.W3CHttpResponseCodec.decode(W3CHttpResponseCodec.java:49)
	at org.openqa.selenium.remote.HttpCommandExecutor.execute(HttpCommandExecutor.java:158)
	at org.openqa.selenium.remote.service.DriverCommandExecutor.execute(DriverCommandExecutor.java:83)
	at org.openqa.selenium.remote.RemoteWebDriver.execute(RemoteWebDriver.java:552)
	at org.openqa.selenium.remote.RemoteWebDriver.findElement(RemoteWebDriver.java:323)
	at org.openqa.selenium.remote.RemoteWebDriver.findElementByXPath(RemoteWebDriver.java:428)
	at org.openqa.selenium.By$ByXPath.findElement(By.java:353)
	at org.openqa.selenium.remote.RemoteWebDriver.findElement(RemoteWebDriver.java:315)
	at pages.LoginPage.enterUserEmail(LoginPage.java:20)
	at testLogin.LoginTest.userLogin(LoginTest.java:15)
	at java.util.ArrayList.forEach(ArrayList.java:1257)
... Removed 41 stack frames</div></td></tr></table><p class="totop"><a href="#summary">back to summary</a></p>
<h3 id="m15">testTransactions.TransactionsTest#userLogin</h3><table class="result"><tr class="param"><th>Parameter #1</th><th>Parameter #2</th></tr><tr class="param stripe"><td>wallet-sub@assurdly.com</td><td>6wqpjmz3cgxzxupxmu1o</td></tr><tr><th colspan="2">Exception</th></tr><tr><td colspan="2"><div class="stacktrace">org.openqa.selenium.NoSuchElementException: no such element: Unable to locate element: {&quot;method&quot;:&quot;xpath&quot;,&quot;selector&quot;:&quot;//input[@formcontrolname = &apos;email&apos;]&quot;}
  (Session info: chrome=81.0.4044.138)
For documentation on this error, please visit: https://www.seleniumhq.org/exceptions/no_such_element.html
Build info: version: &apos;3.141.59&apos;, revision: &apos;e82be7d358&apos;, time: &apos;2018-11-14T08:17:03&apos;
System info: host: &apos;EZEKIELLA&apos;, ip: &apos;192.168.178.42&apos;, os.name: &apos;Windows 10&apos;, os.arch: &apos;amd64&apos;, os.version: &apos;10.0&apos;, java.version: &apos;1.8.0_191&apos;
Driver info: org.openqa.selenium.chrome.ChromeDriver
Capabilities {acceptInsecureCerts: false, browserName: chrome, browserVersion: 81.0.4044.138, chrome: {chromedriverVersion: 80.0.3987.106 (f68069574609..., userDataDir: C:\Users\JE\AppData\Local\T...}, goog:chromeOptions: {debuggerAddress: localhost:57920}, javascriptEnabled: true, networkConnectionEnabled: false, pageLoadStrategy: normal, platform: WINDOWS, platformName: WINDOWS, proxy: Proxy(), setWindowRect: true, strictFileInteractability: false, timeouts: {implicit: 0, pageLoad: 300000, script: 30000}, unhandledPromptBehavior: dismiss and notify}
Session ID: 9b9a5d2a8ed066a7c7de1fb1f21cf75e
*** Element info: {Using=xpath, value=//input[@formcontrolname = &apos;email&apos;]}
	at org.openqa.selenium.remote.http.W3CHttpResponseCodec.createException(W3CHttpResponseCodec.java:187)
	at org.openqa.selenium.remote.http.W3CHttpResponseCodec.decode(W3CHttpResponseCodec.java:122)
	at org.openqa.selenium.remote.http.W3CHttpResponseCodec.decode(W3CHttpResponseCodec.java:49)
	at org.openqa.selenium.remote.HttpCommandExecutor.execute(HttpCommandExecutor.java:158)
	at org.openqa.selenium.remote.service.DriverCommandExecutor.execute(DriverCommandExecutor.java:83)
	at org.openqa.selenium.remote.RemoteWebDriver.execute(RemoteWebDriver.java:552)
	at org.openqa.selenium.remote.RemoteWebDriver.findElement(RemoteWebDriver.java:323)
	at org.openqa.selenium.remote.RemoteWebDriver.findElementByXPath(RemoteWebDriver.java:428)
	at org.openqa.selenium.By$ByXPath.findElement(By.java:353)
	at org.openqa.selenium.remote.RemoteWebDriver.findElement(RemoteWebDriver.java:315)
	at pages.LoginPage.enterUserEmail(LoginPage.java:20)
	at testLogin.LoginTest.userLogin(LoginTest.java:15)
	at java.util.ArrayList.forEach(ArrayList.java:1257)
... Removed 41 stack frames</div></td></tr></table><p class="totop"><a href="#summary">back to summary</a></p>
<h3 id="m16">testBuyAirtime.BuyAirtimeTest#BuyAirtime</h3><table class="result"><tr><th>Exception</th></tr><tr><td><div class="stacktrace">java.lang.Throwable: Method BuyAirtimeTest.BuyAirtime(int, java.lang.String, java.lang.String, java.lang.String)[pri:0, instance:testBuyAirtime.BuyAirtimeTest@617faa95] depends on not successfully finished methods
	at java.util.ArrayList.forEach(ArrayList.java:1257)
... Removed 28 stack frames</div></td></tr></table><p class="totop"><a href="#summary">back to summary</a></p>
<h3 id="m17">testBuyAirtime.BuyAirtimeTest#clickViewMoreButton</h3><table class="result"><tr><th>Exception</th></tr><tr><td><div class="stacktrace">java.lang.Throwable: Method DashboardTest.clickViewMoreButton()[pri:0, instance:testBuyAirtime.BuyAirtimeTest@617faa95] depends on not successfully finished methods
	at java.util.ArrayList.forEach(ArrayList.java:1257)
... Removed 28 stack frames</div></td></tr></table><p class="totop"><a href="#summary">back to summary</a></p>
<h3 id="m18">testBuyAirtime.BuyAirtimeTest#fundWalletBitCoin</h3><table class="result"><tr><th>Exception</th></tr><tr><td><div class="stacktrace">java.lang.Throwable: Method DashboardTest.fundWalletBitCoin()[pri:0, instance:testBuyAirtime.BuyAirtimeTest@617faa95] depends on not successfully finished methods
	at java.util.ArrayList.forEach(ArrayList.java:1257)
... Removed 28 stack frames</div></td></tr></table><p class="totop"><a href="#summary">back to summary</a></p>
<h3 id="m19">testBuyAirtime.BuyAirtimeTest#fundWalletDebitCard</h3><table class="result"><tr><th>Exception</th></tr><tr><td><div class="stacktrace">java.lang.Throwable: Method DashboardTest.fundWalletDebitCard()[pri:0, instance:testBuyAirtime.BuyAirtimeTest@617faa95] depends on not successfully finished methods
	at java.util.ArrayList.forEach(ArrayList.java:1257)
... Removed 28 stack frames</div></td></tr></table><p class="totop"><a href="#summary">back to summary</a></p>
<h3 id="m20">testBuyAirtime.BuyAirtimeTest#getOverdraft</h3><table class="result"><tr><th>Exception</th></tr><tr><td><div class="stacktrace">java.lang.Throwable: Method DashboardTest.getOverdraft()[pri:0, instance:testBuyAirtime.BuyAirtimeTest@617faa95] depends on not successfully finished methods
	at java.util.ArrayList.forEach(ArrayList.java:1257)
... Removed 28 stack frames</div></td></tr></table><p class="totop"><a href="#summary">back to summary</a></p>
<h3 id="m21">testBuyAirtime.BuyAirtimeTest#logout</h3><table class="result"><tr><th>Exception</th></tr><tr><td><div class="stacktrace">java.lang.Throwable: Method DashboardTest.logout()[pri:0, instance:testBuyAirtime.BuyAirtimeTest@617faa95] depends on not successfully finished methods
	at java.util.ArrayList.forEach(ArrayList.java:1257)
... Removed 28 stack frames</div></td></tr></table><p class="totop"><a href="#summary">back to summary</a></p>
<h3 id="m22">testBuyAirtime.BuyAirtimeTest#viewDashboard</h3><table class="result"><tr><th>Exception</th></tr><tr><td><div class="stacktrace">java.lang.Throwable: Method DashboardTest.viewDashboard()[pri:0, instance:testBuyAirtime.BuyAirtimeTest@617faa95] depends on not successfully finished methods
	at java.util.ArrayList.forEach(ArrayList.java:1257)
... Removed 28 stack frames</div></td></tr></table><p class="totop"><a href="#summary">back to summary</a></p>
<h3 id="m23">testBuyAirtime.BuyAirtimeTest#viewProfile</h3><table class="result"><tr><th>Exception</th></tr><tr><td><div class="stacktrace">java.lang.Throwable: Method DashboardTest.viewProfile()[pri:0, instance:testBuyAirtime.BuyAirtimeTest@617faa95] depends on not successfully finished methods
	at java.util.ArrayList.forEach(ArrayList.java:1257)
... Removed 28 stack frames</div></td></tr></table><p class="totop"><a href="#summary">back to summary</a></p>
<h3 id="m24">testBuyAirtime.BuyAirtimeTest#viewTransactionSummary</h3><table class="result"><tr><th>Exception</th></tr><tr><td><div class="stacktrace">java.lang.Throwable: Method DashboardTest.viewTransactionSummary()[pri:0, instance:testBuyAirtime.BuyAirtimeTest@617faa95] depends on not successfully finished methods
	at java.util.ArrayList.forEach(ArrayList.java:1257)
... Removed 28 stack frames</div></td></tr></table><p class="totop"><a href="#summary">back to summary</a></p>
<h3 id="m25">testDashboard.DashboardTest#clickViewMoreButton</h3><table class="result"><tr><th>Exception</th></tr><tr><td><div class="stacktrace">java.lang.Throwable: Method DashboardTest.clickViewMoreButton()[pri:0, instance:testDashboard.DashboardTest@1e127982] depends on not successfully finished methods
	at java.util.ArrayList.forEach(ArrayList.java:1257)
... Removed 28 stack frames</div></td></tr></table><p class="totop"><a href="#summary">back to summary</a></p>
<h3 id="m26">testDashboard.DashboardTest#fundWalletBitCoin</h3><table class="result"><tr><th>Exception</th></tr><tr><td><div class="stacktrace">java.lang.Throwable: Method DashboardTest.fundWalletBitCoin()[pri:0, instance:testDashboard.DashboardTest@1e127982] depends on not successfully finished methods
	at java.util.ArrayList.forEach(ArrayList.java:1257)
... Removed 28 stack frames</div></td></tr></table><p class="totop"><a href="#summary">back to summary</a></p>
<h3 id="m27">testDashboard.DashboardTest#fundWalletDebitCard</h3><table class="result"><tr><th>Exception</th></tr><tr><td><div class="stacktrace">java.lang.Throwable: Method DashboardTest.fundWalletDebitCard()[pri:0, instance:testDashboard.DashboardTest@1e127982] depends on not successfully finished methods
	at java.util.ArrayList.forEach(ArrayList.java:1257)
... Removed 28 stack frames</div></td></tr></table><p class="totop"><a href="#summary">back to summary</a></p>
<h3 id="m28">testDashboard.DashboardTest#getOverdraft</h3><table class="result"><tr><th>Exception</th></tr><tr><td><div class="stacktrace">java.lang.Throwable: Method DashboardTest.getOverdraft()[pri:0, instance:testDashboard.DashboardTest@1e127982] depends on not successfully finished methods
	at java.util.ArrayList.forEach(ArrayList.java:1257)
... Removed 28 stack frames</div></td></tr></table><p class="totop"><a href="#summary">back to summary</a></p>
<h3 id="m29">testDashboard.DashboardTest#logout</h3><table class="result"><tr><th>Exception</th></tr><tr><td><div class="stacktrace">java.lang.Throwable: Method DashboardTest.logout()[pri:0, instance:testDashboard.DashboardTest@1e127982] depends on not successfully finished methods
	at java.util.ArrayList.forEach(ArrayList.java:1257)
... Removed 28 stack frames</div></td></tr></table><p class="totop"><a href="#summary">back to summary</a></p>
<h3 id="m30">testDashboard.DashboardTest#viewDashboard</h3><table class="result"><tr><th>Exception</th></tr><tr><td><div class="stacktrace">java.lang.Throwable: Method DashboardTest.viewDashboard()[pri:0, instance:testDashboard.DashboardTest@1e127982] depends on not successfully finished methods
	at java.util.ArrayList.forEach(ArrayList.java:1257)
... Removed 28 stack frames</div></td></tr></table><p class="totop"><a href="#summary">back to summary</a></p>
<h3 id="m31">testDashboard.DashboardTest#viewProfile</h3><table class="result"><tr><th>Exception</th></tr><tr><td><div class="stacktrace">java.lang.Throwable: Method DashboardTest.viewProfile()[pri:0, instance:testDashboard.DashboardTest@1e127982] depends on not successfully finished methods
	at java.util.ArrayList.forEach(ArrayList.java:1257)
... Removed 28 stack frames</div></td></tr></table><p class="totop"><a href="#summary">back to summary</a></p>
<h3 id="m32">testDashboard.DashboardTest#viewTransactionSummary</h3><table class="result"><tr><th>Exception</th></tr><tr><td><div class="stacktrace">java.lang.Throwable: Method DashboardTest.viewTransactionSummary()[pri:0, instance:testDashboard.DashboardTest@1e127982] depends on not successfully finished methods
	at java.util.ArrayList.forEach(ArrayList.java:1257)
... Removed 28 stack frames</div></td></tr></table><p class="totop"><a href="#summary">back to summary</a></p>
<h3 id="m33">testRequestMoney.RequestMoneyPageTest#clickCopy</h3><table class="result"><tr><th>Exception</th></tr><tr><td><div class="stacktrace">java.lang.Throwable: Method RequestMoneyPageTest.clickCopy(int)[pri:0, instance:testRequestMoney.RequestMoneyPageTest@2038ae61] depends on not successfully finished methods
	at java.util.ArrayList.forEach(ArrayList.java:1257)
... Removed 28 stack frames</div></td></tr></table><p class="totop"><a href="#summary">back to summary</a></p>
<h3 id="m34">testRequestMoney.RequestMoneyPageTest#clickDelete</h3><table class="result"><tr><th>Exception</th></tr><tr><td><div class="stacktrace">java.lang.Throwable: Method RequestMoneyPageTest.clickDelete(int)[pri:0, instance:testRequestMoney.RequestMoneyPageTest@2038ae61] depends on not successfully finished methods
	at java.util.ArrayList.forEach(ArrayList.java:1257)
... Removed 28 stack frames</div></td></tr></table><p class="totop"><a href="#summary">back to summary</a></p>
<h3 id="m35">testRequestMoney.RequestMoneyPageTest#clickViewMoreButton</h3><table class="result"><tr><th>Exception</th></tr><tr><td><div class="stacktrace">java.lang.Throwable: Method DashboardTest.clickViewMoreButton()[pri:0, instance:testRequestMoney.RequestMoneyPageTest@2038ae61] depends on not successfully finished methods
	at java.util.ArrayList.forEach(ArrayList.java:1257)
... Removed 28 stack frames</div></td></tr></table><p class="totop"><a href="#summary">back to summary</a></p>
<h3 id="m36">testRequestMoney.RequestMoneyPageTest#clickVisit</h3><table class="result"><tr><th>Exception</th></tr><tr><td><div class="stacktrace">java.lang.Throwable: Method RequestMoneyPageTest.clickVisit(int)[pri:0, instance:testRequestMoney.RequestMoneyPageTest@2038ae61] depends on not successfully finished methods
	at java.util.ArrayList.forEach(ArrayList.java:1257)
... Removed 28 stack frames</div></td></tr></table><p class="totop"><a href="#summary">back to summary</a></p>
<h3 id="m37">testRequestMoney.RequestMoneyPageTest#createNewRequest</h3><table class="result"><tr><th>Exception</th></tr><tr><td><div class="stacktrace">java.lang.Throwable: Method RequestMoneyPageTest.createNewRequest(java.lang.String, java.lang.String, java.lang.String, java.lang.String, java.lang.String)[pri:0, instance:testRequestMoney.RequestMoneyPageTest@2038ae61] depends on not successfully finished methods
	at java.util.ArrayList.forEach(ArrayList.java:1257)
... Removed 28 stack frames</div></td></tr></table><p class="totop"><a href="#summary">back to summary</a></p>
<h3 id="m38">testRequestMoney.RequestMoneyPageTest#fundWalletBitCoin</h3><table class="result"><tr><th>Exception</th></tr><tr><td><div class="stacktrace">java.lang.Throwable: Method DashboardTest.fundWalletBitCoin()[pri:0, instance:testRequestMoney.RequestMoneyPageTest@2038ae61] depends on not successfully finished methods
	at java.util.ArrayList.forEach(ArrayList.java:1257)
... Removed 28 stack frames</div></td></tr></table><p class="totop"><a href="#summary">back to summary</a></p>
<h3 id="m39">testRequestMoney.RequestMoneyPageTest#fundWalletDebitCard</h3><table class="result"><tr><th>Exception</th></tr><tr><td><div class="stacktrace">java.lang.Throwable: Method DashboardTest.fundWalletDebitCard()[pri:0, instance:testRequestMoney.RequestMoneyPageTest@2038ae61] depends on not successfully finished methods
	at java.util.ArrayList.forEach(ArrayList.java:1257)
... Removed 28 stack frames</div></td></tr></table><p class="totop"><a href="#summary">back to summary</a></p>
<h3 id="m40">testRequestMoney.RequestMoneyPageTest#getOverdraft</h3><table class="result"><tr><th>Exception</th></tr><tr><td><div class="stacktrace">java.lang.Throwable: Method DashboardTest.getOverdraft()[pri:0, instance:testRequestMoney.RequestMoneyPageTest@2038ae61] depends on not successfully finished methods
	at java.util.ArrayList.forEach(ArrayList.java:1257)
... Removed 28 stack frames</div></td></tr></table><p class="totop"><a href="#summary">back to summary</a></p>
<h3 id="m41">testRequestMoney.RequestMoneyPageTest#logout</h3><table class="result"><tr><th>Exception</th></tr><tr><td><div class="stacktrace">java.lang.Throwable: Method DashboardTest.logout()[pri:0, instance:testRequestMoney.RequestMoneyPageTest@2038ae61] depends on not successfully finished methods
	at java.util.ArrayList.forEach(ArrayList.java:1257)
... Removed 28 stack frames</div></td></tr></table><p class="totop"><a href="#summary">back to summary</a></p>
<h3 id="m42">testRequestMoney.RequestMoneyPageTest#viewDashboard</h3><table class="result"><tr><th>Exception</th></tr><tr><td><div class="stacktrace">java.lang.Throwable: Method DashboardTest.viewDashboard()[pri:0, instance:testRequestMoney.RequestMoneyPageTest@2038ae61] depends on not successfully finished methods
	at java.util.ArrayList.forEach(ArrayList.java:1257)
... Removed 28 stack frames</div></td></tr></table><p class="totop"><a href="#summary">back to summary</a></p>
<h3 id="m43">testRequestMoney.RequestMoneyPageTest#viewProfile</h3><table class="result"><tr><th>Exception</th></tr><tr><td><div class="stacktrace">java.lang.Throwable: Method DashboardTest.viewProfile()[pri:0, instance:testRequestMoney.RequestMoneyPageTest@2038ae61] depends on not successfully finished methods
	at java.util.ArrayList.forEach(ArrayList.java:1257)
... Removed 28 stack frames</div></td></tr></table><p class="totop"><a href="#summary">back to summary</a></p>
<h3 id="m44">testRequestMoney.RequestMoneyPageTest#viewTransactionSummary</h3><table class="result"><tr><th>Exception</th></tr><tr><td><div class="stacktrace">java.lang.Throwable: Method DashboardTest.viewTransactionSummary()[pri:0, instance:testRequestMoney.RequestMoneyPageTest@2038ae61] depends on not successfully finished methods
	at java.util.ArrayList.forEach(ArrayList.java:1257)
... Removed 28 stack frames</div></td></tr></table><p class="totop"><a href="#summary">back to summary</a></p>
<h3 id="m45">testSettings.SettingsTest#changePassword</h3><table class="result"><tr><th>Exception</th></tr><tr><td><div class="stacktrace">java.lang.Throwable: Method SettingsTest.changePassword(java.lang.String, java.lang.String, java.lang.String)[pri:0, instance:testSettings.SettingsTest@3c0f93f1] depends on not successfully finished methods
	at java.util.ArrayList.forEach(ArrayList.java:1257)
... Removed 28 stack frames</div></td></tr></table><p class="totop"><a href="#summary">back to summary</a></p>
<h3 id="m46">testSettings.SettingsTest#changePin</h3><table class="result"><tr><th>Exception</th></tr><tr><td><div class="stacktrace">java.lang.Throwable: Method SettingsTest.changePin(java.lang.String, java.lang.String, java.lang.String)[pri:0, instance:testSettings.SettingsTest@3c0f93f1] depends on not successfully finished methods
	at java.util.ArrayList.forEach(ArrayList.java:1257)
... Removed 28 stack frames</div></td></tr></table><p class="totop"><a href="#summary">back to summary</a></p>
<h3 id="m47">testSettings.SettingsTest#clickViewMoreButton</h3><table class="result"><tr><th>Exception</th></tr><tr><td><div class="stacktrace">java.lang.Throwable: Method DashboardTest.clickViewMoreButton()[pri:0, instance:testSettings.SettingsTest@3c0f93f1] depends on not successfully finished methods
	at java.util.ArrayList.forEach(ArrayList.java:1257)
... Removed 28 stack frames</div></td></tr></table><p class="totop"><a href="#summary">back to summary</a></p>
<h3 id="m48">testSettings.SettingsTest#editBusinessAddress</h3><table class="result"><tr><th>Exception</th></tr><tr><td><div class="stacktrace">java.lang.Throwable: Method SettingsTest.editBusinessAddress(java.lang.String, java.lang.String)[pri:0, instance:testSettings.SettingsTest@3c0f93f1] depends on not successfully finished methods
	at java.util.ArrayList.forEach(ArrayList.java:1257)
... Removed 28 stack frames</div></td></tr></table><p class="totop"><a href="#summary">back to summary</a></p>
<h3 id="m49">testSettings.SettingsTest#fundWalletBitCoin</h3><table class="result"><tr><th>Exception</th></tr><tr><td><div class="stacktrace">java.lang.Throwable: Method DashboardTest.fundWalletBitCoin()[pri:0, instance:testSettings.SettingsTest@3c0f93f1] depends on not successfully finished methods
	at java.util.ArrayList.forEach(ArrayList.java:1257)
... Removed 28 stack frames</div></td></tr></table><p class="totop"><a href="#summary">back to summary</a></p>
<h3 id="m50">testSettings.SettingsTest#fundWalletDebitCard</h3><table class="result"><tr><th>Exception</th></tr><tr><td><div class="stacktrace">java.lang.Throwable: Method DashboardTest.fundWalletDebitCard()[pri:0, instance:testSettings.SettingsTest@3c0f93f1] depends on not successfully finished methods
	at java.util.ArrayList.forEach(ArrayList.java:1257)
... Removed 28 stack frames</div></td></tr></table><p class="totop"><a href="#summary">back to summary</a></p>
<h3 id="m51">testSettings.SettingsTest#getItOnAppStore</h3><table class="result"><tr><th>Exception</th></tr><tr><td><div class="stacktrace">java.lang.Throwable: Method SettingsTest.getItOnAppStore()[pri:0, instance:testSettings.SettingsTest@3c0f93f1] depends on not successfully finished methods
	at java.util.ArrayList.forEach(ArrayList.java:1257)
... Removed 28 stack frames</div></td></tr></table><p class="totop"><a href="#summary">back to summary</a></p>
<h3 id="m52">testSettings.SettingsTest#getItOnGoogle</h3><table class="result"><tr><th>Exception</th></tr><tr><td><div class="stacktrace">java.lang.Throwable: Method SettingsTest.getItOnGoogle()[pri:0, instance:testSettings.SettingsTest@3c0f93f1] depends on not successfully finished methods
	at java.util.ArrayList.forEach(ArrayList.java:1257)
... Removed 28 stack frames</div></td></tr></table><p class="totop"><a href="#summary">back to summary</a></p>
<h3 id="m53">testSettings.SettingsTest#getOverdraft</h3><table class="result"><tr><th>Exception</th></tr><tr><td><div class="stacktrace">java.lang.Throwable: Method DashboardTest.getOverdraft()[pri:0, instance:testSettings.SettingsTest@3c0f93f1] depends on not successfully finished methods
	at java.util.ArrayList.forEach(ArrayList.java:1257)
... Removed 28 stack frames</div></td></tr></table><p class="totop"><a href="#summary">back to summary</a></p>
<h3 id="m54">testSettings.SettingsTest#logout</h3><table class="result"><tr><th>Exception</th></tr><tr><td><div class="stacktrace">java.lang.Throwable: Method DashboardTest.logout()[pri:0, instance:testSettings.SettingsTest@3c0f93f1] depends on not successfully finished methods
	at java.util.ArrayList.forEach(ArrayList.java:1257)
... Removed 28 stack frames</div></td></tr></table><p class="totop"><a href="#summary">back to summary</a></p>
<h3 id="m55">testSettings.SettingsTest#viewDashboard</h3><table class="result"><tr><th>Exception</th></tr><tr><td><div class="stacktrace">java.lang.Throwable: Method DashboardTest.viewDashboard()[pri:0, instance:testSettings.SettingsTest@3c0f93f1] depends on not successfully finished methods
	at java.util.ArrayList.forEach(ArrayList.java:1257)
... Removed 28 stack frames</div></td></tr></table><p class="totop"><a href="#summary">back to summary</a></p>
<h3 id="m56">testSettings.SettingsTest#viewProfile</h3><table class="result"><tr><th>Exception</th></tr><tr><td><div class="stacktrace">java.lang.Throwable: Method DashboardTest.viewProfile()[pri:0, instance:testSettings.SettingsTest@3c0f93f1] depends on not successfully finished methods
	at java.util.ArrayList.forEach(ArrayList.java:1257)
... Removed 28 stack frames</div></td></tr></table><p class="totop"><a href="#summary">back to summary</a></p>
<h3 id="m57">testSettings.SettingsTest#viewTransactionSummary</h3><table class="result"><tr><th>Exception</th></tr><tr><td><div class="stacktrace">java.lang.Throwable: Method DashboardTest.viewTransactionSummary()[pri:0, instance:testSettings.SettingsTest@3c0f93f1] depends on not successfully finished methods
	at java.util.ArrayList.forEach(ArrayList.java:1257)
... Removed 28 stack frames</div></td></tr></table><p class="totop"><a href="#summary">back to summary</a></p>
<h3 id="m58">testSubWallet.SubWalletTest#clickSubWalletsMenu</h3><table class="result"><tr><th>Exception</th></tr><tr><td><div class="stacktrace">java.lang.Throwable: Method SubWalletTest.clickSubWalletsMenu()[pri:0, instance:testSubWallet.SubWalletTest@31dc339b] depends on not successfully finished methods
	at java.util.ArrayList.forEach(ArrayList.java:1257)
... Removed 28 stack frames</div></td></tr></table><p class="totop"><a href="#summary">back to summary</a></p>
<h3 id="m59">testSubWallet.SubWalletTest#clickViewMoreButton</h3><table class="result"><tr><th>Exception</th></tr><tr><td><div class="stacktrace">java.lang.Throwable: Method DashboardTest.clickViewMoreButton()[pri:0, instance:testSubWallet.SubWalletTest@31dc339b] depends on not successfully finished methods
	at java.util.ArrayList.forEach(ArrayList.java:1257)
... Removed 28 stack frames</div></td></tr></table><p class="totop"><a href="#summary">back to summary</a></p>
<h3 id="m60">testSubWallet.SubWalletTest#createNewSubWallet</h3><table class="result"><tr><th>Exception</th></tr><tr><td><div class="stacktrace">java.lang.Throwable: Method SubWalletTest.createNewSubWallet(java.lang.String, java.lang.String, java.lang.String, java.lang.String)[pri:0, instance:testSubWallet.SubWalletTest@31dc339b] depends on not successfully finished methods
	at java.util.ArrayList.forEach(ArrayList.java:1257)
... Removed 28 stack frames</div></td></tr></table><p class="totop"><a href="#summary">back to summary</a></p>
<h3 id="m61">testSubWallet.SubWalletTest#fundWallet</h3><table class="result"><tr><th>Exception</th></tr><tr><td><div class="stacktrace">java.lang.Throwable: Method SubWalletTest.fundWallet(java.lang.String, java.lang.String)[pri:0, instance:testSubWallet.SubWalletTest@31dc339b] depends on not successfully finished methods
	at java.util.ArrayList.forEach(ArrayList.java:1257)
... Removed 28 stack frames</div></td></tr></table><p class="totop"><a href="#summary">back to summary</a></p>
<h3 id="m62">testSubWallet.SubWalletTest#fundWalletBitCoin</h3><table class="result"><tr><th>Exception</th></tr><tr><td><div class="stacktrace">java.lang.Throwable: Method DashboardTest.fundWalletBitCoin()[pri:0, instance:testSubWallet.SubWalletTest@31dc339b] depends on not successfully finished methods
	at java.util.ArrayList.forEach(ArrayList.java:1257)
... Removed 28 stack frames</div></td></tr></table><p class="totop"><a href="#summary">back to summary</a></p>
<h3 id="m63">testSubWallet.SubWalletTest#fundWalletDebitCard</h3><table class="result"><tr><th>Exception</th></tr><tr><td><div class="stacktrace">java.lang.Throwable: Method DashboardTest.fundWalletDebitCard()[pri:0, instance:testSubWallet.SubWalletTest@31dc339b] depends on not successfully finished methods
	at java.util.ArrayList.forEach(ArrayList.java:1257)
... Removed 28 stack frames</div></td></tr></table><p class="totop"><a href="#summary">back to summary</a></p>
<h3 id="m64">testSubWallet.SubWalletTest#getOverdraft</h3><table class="result"><tr><th>Exception</th></tr><tr><td><div class="stacktrace">java.lang.Throwable: Method DashboardTest.getOverdraft()[pri:0, instance:testSubWallet.SubWalletTest@31dc339b] depends on not successfully finished methods
	at java.util.ArrayList.forEach(ArrayList.java:1257)
... Removed 28 stack frames</div></td></tr></table><p class="totop"><a href="#summary">back to summary</a></p>
<h3 id="m65">testSubWallet.SubWalletTest#logout</h3><table class="result"><tr><th>Exception</th></tr><tr><td><div class="stacktrace">java.lang.Throwable: Method DashboardTest.logout()[pri:0, instance:testSubWallet.SubWalletTest@31dc339b] depends on not successfully finished methods
	at java.util.ArrayList.forEach(ArrayList.java:1257)
... Removed 28 stack frames</div></td></tr></table><p class="totop"><a href="#summary">back to summary</a></p>
<h3 id="m66">testSubWallet.SubWalletTest#viewASubWallet</h3><table class="result"><tr><th>Exception</th></tr><tr><td><div class="stacktrace">java.lang.Throwable: Method SubWalletTest.viewASubWallet()[pri:0, instance:testSubWallet.SubWalletTest@31dc339b] depends on not successfully finished methods
	at java.util.ArrayList.forEach(ArrayList.java:1257)
... Removed 28 stack frames</div></td></tr></table><p class="totop"><a href="#summary">back to summary</a></p>
<h3 id="m67">testSubWallet.SubWalletTest#viewDashboard</h3><table class="result"><tr><th>Exception</th></tr><tr><td><div class="stacktrace">java.lang.Throwable: Method DashboardTest.viewDashboard()[pri:0, instance:testSubWallet.SubWalletTest@31dc339b] depends on not successfully finished methods
	at java.util.ArrayList.forEach(ArrayList.java:1257)
... Removed 28 stack frames</div></td></tr></table><p class="totop"><a href="#summary">back to summary</a></p>
<h3 id="m68">testSubWallet.SubWalletTest#viewProfile</h3><table class="result"><tr><th>Exception</th></tr><tr><td><div class="stacktrace">java.lang.Throwable: Method DashboardTest.viewProfile()[pri:0, instance:testSubWallet.SubWalletTest@31dc339b] depends on not successfully finished methods
	at java.util.ArrayList.forEach(ArrayList.java:1257)
... Removed 28 stack frames</div></td></tr></table><p class="totop"><a href="#summary">back to summary</a></p>
<h3 id="m69">testSubWallet.SubWalletTest#viewTransactionSummary</h3><table class="result"><tr><th>Exception</th></tr><tr><td><div class="stacktrace">java.lang.Throwable: Method DashboardTest.viewTransactionSummary()[pri:0, instance:testSubWallet.SubWalletTest@31dc339b] depends on not successfully finished methods
	at java.util.ArrayList.forEach(ArrayList.java:1257)
... Removed 28 stack frames</div></td></tr></table><p class="totop"><a href="#summary">back to summary</a></p>
<h3 id="m70">testSubWallet.SubWalletTest#withdrawFromSubWallet</h3><table class="result"><tr><th>Exception</th></tr><tr><td><div class="stacktrace">java.lang.Throwable: Method SubWalletTest.withdrawFromSubWallet(java.lang.String)[pri:0, instance:testSubWallet.SubWalletTest@31dc339b] depends on not successfully finished methods
	at java.util.ArrayList.forEach(ArrayList.java:1257)
... Removed 28 stack frames</div></td></tr></table><p class="totop"><a href="#summary">back to summary</a></p>
<h3 id="m71">testTransactions.TransactionsTest#clickViewMoreButton</h3><table class="result"><tr><th>Exception</th></tr><tr><td><div class="stacktrace">java.lang.Throwable: Method DashboardTest.clickViewMoreButton()[pri:0, instance:testTransactions.TransactionsTest@544fe44c] depends on not successfully finished methods
	at java.util.ArrayList.forEach(ArrayList.java:1257)
... Removed 28 stack frames</div></td></tr></table><p class="totop"><a href="#summary">back to summary</a></p>
<h3 id="m72">testTransactions.TransactionsTest#exportTransaction</h3><table class="result"><tr><th>Exception</th></tr><tr><td><div class="stacktrace">java.lang.Throwable: Method TransactionsTest.exportTransaction()[pri:0, instance:testTransactions.TransactionsTest@544fe44c] depends on not successfully finished methods
	at java.util.ArrayList.forEach(ArrayList.java:1257)
... Removed 28 stack frames</div></td></tr></table><p class="totop"><a href="#summary">back to summary</a></p>
<h3 id="m73">testTransactions.TransactionsTest#fundWalletBitCoin</h3><table class="result"><tr><th>Exception</th></tr><tr><td><div class="stacktrace">java.lang.Throwable: Method DashboardTest.fundWalletBitCoin()[pri:0, instance:testTransactions.TransactionsTest@544fe44c] depends on not successfully finished methods
	at java.util.ArrayList.forEach(ArrayList.java:1257)
... Removed 28 stack frames</div></td></tr></table><p class="totop"><a href="#summary">back to summary</a></p>
<h3 id="m74">testTransactions.TransactionsTest#fundWalletDebitCard</h3><table class="result"><tr><th>Exception</th></tr><tr><td><div class="stacktrace">java.lang.Throwable: Method DashboardTest.fundWalletDebitCard()[pri:0, instance:testTransactions.TransactionsTest@544fe44c] depends on not successfully finished methods
	at java.util.ArrayList.forEach(ArrayList.java:1257)
... Removed 28 stack frames</div></td></tr></table><p class="totop"><a href="#summary">back to summary</a></p>
<h3 id="m75">testTransactions.TransactionsTest#getOverdraft</h3><table class="result"><tr><th>Exception</th></tr><tr><td><div class="stacktrace">java.lang.Throwable: Method DashboardTest.getOverdraft()[pri:0, instance:testTransactions.TransactionsTest@544fe44c] depends on not successfully finished methods
	at java.util.ArrayList.forEach(ArrayList.java:1257)
... Removed 28 stack frames</div></td></tr></table><p class="totop"><a href="#summary">back to summary</a></p>
<h3 id="m76">testTransactions.TransactionsTest#logout</h3><table class="result"><tr><th>Exception</th></tr><tr><td><div class="stacktrace">java.lang.Throwable: Method DashboardTest.logout()[pri:0, instance:testTransactions.TransactionsTest@544fe44c] depends on not successfully finished methods
	at java.util.ArrayList.forEach(ArrayList.java:1257)
... Removed 28 stack frames</div></td></tr></table><p class="totop"><a href="#summary">back to summary</a></p>
<h3 id="m77">testTransactions.TransactionsTest#reportTransaction</h3><table class="result"><tr><th>Exception</th></tr><tr><td><div class="stacktrace">java.lang.Throwable: Method TransactionsTest.reportTransaction(java.lang.String)[pri:0, instance:testTransactions.TransactionsTest@544fe44c] depends on not successfully finished methods
	at java.util.ArrayList.forEach(ArrayList.java:1257)
... Removed 28 stack frames</div></td></tr></table><p class="totop"><a href="#summary">back to summary</a></p>
<h3 id="m78">testTransactions.TransactionsTest#searchByCategory</h3><table class="result"><tr><th>Exception</th></tr><tr><td><div class="stacktrace">java.lang.Throwable: Method TransactionsTest.searchByCategory(java.lang.String)[pri:0, instance:testTransactions.TransactionsTest@544fe44c] depends on not successfully finished methods
	at java.util.ArrayList.forEach(ArrayList.java:1257)
... Removed 28 stack frames</div></td></tr></table><p class="totop"><a href="#summary">back to summary</a></p>
<h3 id="m79">testTransactions.TransactionsTest#searchByDate</h3><table class="result"><tr><th>Exception</th></tr><tr><td><div class="stacktrace">java.lang.Throwable: Method TransactionsTest.searchByDate(java.lang.String, java.lang.String)[pri:0, instance:testTransactions.TransactionsTest@544fe44c] depends on not successfully finished methods
	at java.util.ArrayList.forEach(ArrayList.java:1257)
... Removed 28 stack frames</div></td></tr></table><p class="totop"><a href="#summary">back to summary</a></p>
<h3 id="m80">testTransactions.TransactionsTest#viewAllTransactions</h3><table class="result"><tr><th>Exception</th></tr><tr><td><div class="stacktrace">java.lang.Throwable: Method TransactionsTest.viewAllTransactions()[pri:0, instance:testTransactions.TransactionsTest@544fe44c] depends on not successfully finished methods
	at java.util.ArrayList.forEach(ArrayList.java:1257)
... Removed 28 stack frames</div></td></tr></table><p class="totop"><a href="#summary">back to summary</a></p>
<h3 id="m81">testTransactions.TransactionsTest#viewDashboard</h3><table class="result"><tr><th>Exception</th></tr><tr><td><div class="stacktrace">java.lang.Throwable: Method DashboardTest.viewDashboard()[pri:0, instance:testTransactions.TransactionsTest@544fe44c] depends on not successfully finished methods
	at java.util.ArrayList.forEach(ArrayList.java:1257)
... Removed 28 stack frames</div></td></tr></table><p class="totop"><a href="#summary">back to summary</a></p>
<h3 id="m82">testTransactions.TransactionsTest#viewProfile</h3><table class="result"><tr><th>Exception</th></tr><tr><td><div class="stacktrace">java.lang.Throwable: Method DashboardTest.viewProfile()[pri:0, instance:testTransactions.TransactionsTest@544fe44c] depends on not successfully finished methods
	at java.util.ArrayList.forEach(ArrayList.java:1257)
... Removed 28 stack frames</div></td></tr></table><p class="totop"><a href="#summary">back to summary</a></p>
<h3 id="m83">testTransactions.TransactionsTest#viewTransaction</h3><table class="result"><tr><th>Exception</th></tr><tr><td><div class="stacktrace">java.lang.Throwable: Method TransactionsTest.viewTransaction()[pri:0, instance:testTransactions.TransactionsTest@544fe44c] depends on not successfully finished methods
	at java.util.ArrayList.forEach(ArrayList.java:1257)
... Removed 28 stack frames</div></td></tr></table><p class="totop"><a href="#summary">back to summary</a></p>
<h3 id="m84">testTransactions.TransactionsTest#viewTransactionSummary</h3><table class="result"><tr><th>Exception</th></tr><tr><td><div class="stacktrace">java.lang.Throwable: Method DashboardTest.viewTransactionSummary()[pri:0, instance:testTransactions.TransactionsTest@544fe44c] depends on not successfully finished methods
	at java.util.ArrayList.forEach(ArrayList.java:1257)
... Removed 28 stack frames</div></td></tr></table><p class="totop"><a href="#summary">back to summary</a></p>
<h3 id="m85">testBuyAirtime.BuyAirtimeTest#userLogin</h3><table class="result"><tr class="param"><th>Parameter #1</th><th>Parameter #2</th></tr><tr class="param stripe"><td>wallet-sub@assurdly.com</td><td>6wqpjmz3cgxzxupxmu1o</td></tr></table><p class="totop"><a href="#summary">back to summary</a></p>
<h3 id="m86">testRequestMoney.RequestMoneyPageTest#clickBuyAirtimePage</h3><table class="result"><tr><th class="invisible"/></tr></table><p class="totop"><a href="#summary">back to summary</a></p>
<h3 id="m87">testRequestMoney.RequestMoneyPageTest#clickRequestMoneyPage</h3><table class="result"><tr><th class="invisible"/></tr></table><p class="totop"><a href="#summary">back to summary</a></p>
<h3 id="m88">testRequestMoney.RequestMoneyPageTest#clickSettings</h3><table class="result"><tr><th class="invisible"/></tr></table><p class="totop"><a href="#summary">back to summary</a></p>
<h3 id="m89">testRequestMoney.RequestMoneyPageTest#clickSubWalletsMenu</h3><table class="result"><tr><th class="invisible"/></tr></table><p class="totop"><a href="#summary">back to summary</a></p>
<h3 id="m90">testRequestMoney.RequestMoneyPageTest#clickTransactions</h3><table class="result"><tr><th class="invisible"/></tr></table><p class="totop"><a href="#summary">back to summary</a></p>
<h3 id="m91">testSettings.SettingsTest#clickBuyAirtimePage</h3><table class="result"><tr><th class="invisible"/></tr></table><p class="totop"><a href="#summary">back to summary</a></p>
<h3 id="m92">testSettings.SettingsTest#clickRequestMoneyPage</h3><table class="result"><tr><th class="invisible"/></tr></table><p class="totop"><a href="#summary">back to summary</a></p>
<h3 id="m93">testSettings.SettingsTest#clickSettings</h3><table class="result"><tr><th class="invisible"/></tr></table><p class="totop"><a href="#summary">back to summary</a></p>
<h3 id="m94">testSettings.SettingsTest#clickSubWalletsMenu</h3><table class="result"><tr><th class="invisible"/></tr></table><p class="totop"><a href="#summary">back to summary</a></p>
<h3 id="m95">testSettings.SettingsTest#clickTransactions</h3><table class="result"><tr><th class="invisible"/></tr></table><p class="totop"><a href="#summary">back to summary</a></p>
<h3 id="m96">testSubWallet.SubWalletTest#clickBuyAirtimePage</h3><table class="result"><tr><th class="invisible"/></tr></table><p class="totop"><a href="#summary">back to summary</a></p>
<h3 id="m97">testSubWallet.SubWalletTest#clickRequestMoneyPage</h3><table class="result"><tr><th class="invisible"/></tr></table><p class="totop"><a href="#summary">back to summary</a></p>
<h3 id="m98">testSubWallet.SubWalletTest#clickSettings</h3><table class="result"><tr><th class="invisible"/></tr></table><p class="totop"><a href="#summary">back to summary</a></p>
<h3 id="m99">testSubWallet.SubWalletTest#clickTransactions</h3><table class="result"><tr><th class="invisible"/></tr></table><p class="totop"><a href="#summary">back to summary</a></p>
<h3 id="m100">testTransactions.TransactionsTest#clickBuyAirtimePage</h3><table class="result"><tr><th class="invisible"/></tr></table><p class="totop"><a href="#summary">back to summary</a></p>
<h3 id="m101">testTransactions.TransactionsTest#clickRequestMoneyPage</h3><table class="result"><tr><th class="invisible"/></tr></table><p class="totop"><a href="#summary">back to summary</a></p>
<h3 id="m102">testTransactions.TransactionsTest#clickSettings</h3><table class="result"><tr><th class="invisible"/></tr></table><p class="totop"><a href="#summary">back to summary</a></p>
<h3 id="m103">testTransactions.TransactionsTest#clickSubWalletsMenu</h3><table class="result"><tr><th class="invisible"/></tr></table><p class="totop"><a href="#summary">back to summary</a></p>
<h3 id="m104">testTransactions.TransactionsTest#clickTransactions</h3><table class="result"><tr><th class="invisible"/></tr></table><p class="totop"><a href="#summary">back to summary</a></p>
</body>
</html>
