<?xml version="1.0" encoding="UTF-8"?>
<!-- Generated by org.testng.reporters.JUnitXMLReporter -->
<testsuite hostname="Ezekiella" ignored="12" name="Command line test" tests="105" failures="16" timestamp="2020-05-25T22:38:37 CEST" time="164.642" errors="0">
  <testcase name="clickBuyAirtimePage" time="0.008" classname="testDashboard.DashboardTest">
    <failure type="java.lang.NullPointerException">
      <![CDATA[java.lang.NullPointerException
at testDashboard.DashboardTest.clickBuyAirtimePage(DashboardTest.java:121)
at java.util.ArrayList.forEach(ArrayList.java:1257)
... Removed 37 stack frames]]>
    </failure>
  </testcase> <!-- clickBuyAirtimePage -->
  <testcase name="clickBuyAirtimePage" time="0.0" classname="testDashboard.DashboardTest">
    <failure type="java.lang.NullPointerException">
      <![CDATA[java.lang.NullPointerException
at testDashboard.DashboardTest.clickBuyAirtimePage(DashboardTest.java:121)
at java.util.ArrayList.forEach(ArrayList.java:1257)
... Removed 37 stack frames]]>
    </failure>
  </testcase> <!-- clickBuyAirtimePage -->
  <testcase name="clickRequestMoneyPage" time="0.001" classname="testDashboard.DashboardTest">
    <failure type="java.lang.NullPointerException">
      <![CDATA[java.lang.NullPointerException
at testDashboard.DashboardTest.clickRequestMoneyPage(DashboardTest.java:115)
at java.util.ArrayList.forEach(ArrayList.java:1257)
... Removed 37 stack frames]]>
    </failure>
  </testcase> <!-- clickRequestMoneyPage -->
  <testcase name="clickRequestMoneyPage" time="0.0" classname="testDashboard.DashboardTest">
    <failure type="java.lang.NullPointerException">
      <![CDATA[java.lang.NullPointerException
at testDashboard.DashboardTest.clickRequestMoneyPage(DashboardTest.java:115)
at java.util.ArrayList.forEach(ArrayList.java:1257)
... Removed 37 stack frames]]>
    </failure>
  </testcase> <!-- clickRequestMoneyPage -->
  <testcase name="clickSettings" time="0.0" classname="testDashboard.DashboardTest">
    <failure type="java.lang.NullPointerException">
      <![CDATA[java.lang.NullPointerException
at testDashboard.DashboardTest.clickSettings(DashboardTest.java:127)
at java.util.ArrayList.forEach(ArrayList.java:1257)
... Removed 37 stack frames]]>
    </failure>
  </testcase> <!-- clickSettings -->
  <testcase name="clickSettings" time="0.0" classname="testDashboard.DashboardTest">
    <failure type="java.lang.NullPointerException">
      <![CDATA[java.lang.NullPointerException
at testDashboard.DashboardTest.clickSettings(DashboardTest.java:127)
at java.util.ArrayList.forEach(ArrayList.java:1257)
... Removed 37 stack frames]]>
    </failure>
  </testcase> <!-- clickSettings -->
  <testcase name="clickSubWalletsMenu" time="0.0" classname="testDashboard.DashboardTest">
    <failure type="java.lang.NullPointerException">
      <![CDATA[java.lang.NullPointerException
at testDashboard.DashboardTest.clickSubWalletsMenu(DashboardTest.java:109)
at java.util.ArrayList.forEach(ArrayList.java:1257)
... Removed 37 stack frames]]>
    </failure>
  </testcase> <!-- clickSubWalletsMenu -->
  <testcase name="clickSubWalletsMenu" time="0.001" classname="testDashboard.DashboardTest">
    <failure type="java.lang.NullPointerException">
      <![CDATA[java.lang.NullPointerException
at testDashboard.DashboardTest.clickSubWalletsMenu(DashboardTest.java:109)
at java.util.ArrayList.forEach(ArrayList.java:1257)
... Removed 37 stack frames]]>
    </failure>
  </testcase> <!-- clickSubWalletsMenu -->
  <testcase name="clickTransactions" time="0.0" classname="testDashboard.DashboardTest">
    <failure type="java.lang.NullPointerException">
      <![CDATA[java.lang.NullPointerException
at testDashboard.DashboardTest.clickTransactions(DashboardTest.java:133)
at java.util.ArrayList.forEach(ArrayList.java:1257)
... Removed 37 stack frames]]>
    </failure>
  </testcase> <!-- clickTransactions -->
  <testcase name="clickTransactions" time="0.0" classname="testDashboard.DashboardTest">
    <failure type="java.lang.NullPointerException">
      <![CDATA[java.lang.NullPointerException
at testDashboard.DashboardTest.clickTransactions(DashboardTest.java:133)
at java.util.ArrayList.forEach(ArrayList.java:1257)
... Removed 37 stack frames]]>
    </failure>
  </testcase> <!-- clickTransactions -->
  <testcase name="userLogin" time="6.251" classname="testLogin.LoginTest"/>
  <testcase name="userLogin" time="10.107" classname="testLogin.LoginTest">
    <failure type="org.openqa.selenium.NoSuchElementException" message="no such element: Unable to locate element: {&amp;quot;method&amp;quot;:&amp;quot;xpath&amp;quot;,&amp;quot;selector&amp;quot;:&amp;quot;//input[@formcontrolname = &amp;apos;email&amp;apos;]&amp;quot;}
  (Session info: chrome=81.0.4044.138)
For documentation on this error, please visit: https://www.seleniumhq.org/exceptions/no_such_element.html
Build info: version: &amp;apos;3.141.59&amp;apos;, revision: &amp;apos;e82be7d358&amp;apos;, time: &amp;apos;2018-11-14T08:17:03&amp;apos;
System info: host: &amp;apos;EZEKIELLA&amp;apos;, ip: &amp;apos;192.168.178.42&amp;apos;, os.name: &amp;apos;Windows 10&amp;apos;, os.arch: &amp;apos;amd64&amp;apos;, os.version: &amp;apos;10.0&amp;apos;, java.version: &amp;apos;1.8.0_191&amp;apos;
Driver info: org.openqa.selenium.chrome.ChromeDriver
Capabilities {acceptInsecureCerts: false, browserName: chrome, browserVersion: 81.0.4044.138, chrome: {chromedriverVersion: 80.0.3987.106 (f68069574609..., userDataDir: C:\Users\JE\AppData\Local\T...}, goog:chromeOptions: {debuggerAddress: localhost:57920}, javascriptEnabled: true, networkConnectionEnabled: false, pageLoadStrategy: normal, platform: WINDOWS, platformName: WINDOWS, proxy: Proxy(), setWindowRect: true, strictFileInteractability: false, timeouts: {implicit: 0, pageLoad: 300000, script: 30000}, unhandledPromptBehavior: dismiss and notify}
Session ID: 9b9a5d2a8ed066a7c7de1fb1f21cf75e
*** Element info: {Using=xpath, value=//input[@formcontrolname = &amp;apos;email&amp;apos;]}">
      <![CDATA[org.openqa.selenium.NoSuchElementException: no such element: Unable to locate element: {"method":"xpath","selector":"//input[@formcontrolname = 'email']"}
  (Session info: chrome=81.0.4044.138)
For documentation on this error, please visit: https://www.seleniumhq.org/exceptions/no_such_element.html
Build info: version: '3.141.59', revision: 'e82be7d358', time: '2018-11-14T08:17:03'
System info: host: 'EZEKIELLA', ip: '192.168.178.42', os.name: 'Windows 10', os.arch: 'amd64', os.version: '10.0', java.version: '1.8.0_191'
Driver info: org.openqa.selenium.chrome.ChromeDriver
Capabilities {acceptInsecureCerts: false, browserName: chrome, browserVersion: 81.0.4044.138, chrome: {chromedriverVersion: 80.0.3987.106 (f68069574609..., userDataDir: C:\Users\JE\AppData\Local\T...}, goog:chromeOptions: {debuggerAddress: localhost:57920}, javascriptEnabled: true, networkConnectionEnabled: false, pageLoadStrategy: normal, platform: WINDOWS, platformName: WINDOWS, proxy: Proxy(), setWindowRect: true, strictFileInteractability: false, timeouts: {implicit: 0, pageLoad: 300000, script: 30000}, unhandledPromptBehavior: dismiss and notify}
Session ID: 9b9a5d2a8ed066a7c7de1fb1f21cf75e
*** Element info: {Using=xpath, value=//input[@formcontrolname = 'email']}
at org.openqa.selenium.remote.http.W3CHttpResponseCodec.createException(W3CHttpResponseCodec.java:187)
at org.openqa.selenium.remote.http.W3CHttpResponseCodec.decode(W3CHttpResponseCodec.java:122)
at org.openqa.selenium.remote.http.W3CHttpResponseCodec.decode(W3CHttpResponseCodec.java:49)
at org.openqa.selenium.remote.HttpCommandExecutor.execute(HttpCommandExecutor.java:158)
at org.openqa.selenium.remote.service.DriverCommandExecutor.execute(DriverCommandExecutor.java:83)
at org.openqa.selenium.remote.RemoteWebDriver.execute(RemoteWebDriver.java:552)
at org.openqa.selenium.remote.RemoteWebDriver.findElement(RemoteWebDriver.java:323)
at org.openqa.selenium.remote.RemoteWebDriver.findElementByXPath(RemoteWebDriver.java:428)
at org.openqa.selenium.By$ByXPath.findElement(By.java:353)
at org.openqa.selenium.remote.RemoteWebDriver.findElement(RemoteWebDriver.java:315)
at pages.LoginPage.enterUserEmail(LoginPage.java:20)
at testLogin.LoginTest.userLogin(LoginTest.java:15)
at java.util.ArrayList.forEach(ArrayList.java:1257)
... Removed 41 stack frames]]>
    </failure>
  </testcase> <!-- userLogin -->
  <testcase name="BuyAirtime" time="0.0" classname="testBuyAirtime.BuyAirtimeTest">
    <skipped/>
  </testcase> <!-- BuyAirtime -->
  <testcase name="clickViewMoreButton" time="0.0" classname="testDashboard.DashboardTest">
    <skipped/>
  </testcase> <!-- clickViewMoreButton -->
  <testcase name="fundWalletBitCoin" time="0.0" classname="testDashboard.DashboardTest">
    <skipped/>
  </testcase> <!-- fundWalletBitCoin -->
  <testcase name="fundWalletDebitCard" time="0.0" classname="testDashboard.DashboardTest">
    <skipped/>
  </testcase> <!-- fundWalletDebitCard -->
  <testcase name="getOverdraft" time="0.0" classname="testDashboard.DashboardTest">
    <skipped/>
  </testcase> <!-- getOverdraft -->
  <testcase name="logout" time="0.0" classname="testDashboard.DashboardTest">
    <skipped/>
  </testcase> <!-- logout -->
  <testcase name="viewDashboard" time="0.0" classname="testDashboard.DashboardTest">
    <skipped/>
  </testcase> <!-- viewDashboard -->
  <testcase name="viewProfile" time="0.0" classname="testDashboard.DashboardTest">
    <skipped/>
  </testcase> <!-- viewProfile -->
  <testcase name="viewTransactionSummary" time="0.0" classname="testDashboard.DashboardTest">
    <skipped/>
  </testcase> <!-- viewTransactionSummary -->
  <testcase name="clickViewMoreButton" time="0.0" classname="testDashboard.DashboardTest">
    <skipped/>
  </testcase> <!-- clickViewMoreButton -->
  <testcase name="fundWalletBitCoin" time="0.0" classname="testDashboard.DashboardTest">
    <skipped/>
  </testcase> <!-- fundWalletBitCoin -->
  <testcase name="fundWalletDebitCard" time="0.0" classname="testDashboard.DashboardTest">
    <skipped/>
  </testcase> <!-- fundWalletDebitCard -->
  <testcase name="getOverdraft" time="0.0" classname="testDashboard.DashboardTest">
    <skipped/>
  </testcase> <!-- getOverdraft -->
  <testcase name="logout" time="0.0" classname="testDashboard.DashboardTest">
    <skipped/>
  </testcase> <!-- logout -->
  <testcase name="viewDashboard" time="0.0" classname="testDashboard.DashboardTest">
    <skipped/>
  </testcase> <!-- viewDashboard -->
  <testcase name="viewProfile" time="0.0" classname="testDashboard.DashboardTest">
    <skipped/>
  </testcase> <!-- viewProfile -->
  <testcase name="viewTransactionSummary" time="0.0" classname="testDashboard.DashboardTest">
    <skipped/>
  </testcase> <!-- viewTransactionSummary -->
  <testcase name="userLogin" time="10.037" classname="testLogin.LoginTest">
    <failure type="org.openqa.selenium.NoSuchElementException" message="no such element: Unable to locate element: {&amp;quot;method&amp;quot;:&amp;quot;xpath&amp;quot;,&amp;quot;selector&amp;quot;:&amp;quot;//input[@formcontrolname = &amp;apos;email&amp;apos;]&amp;quot;}
  (Session info: chrome=81.0.4044.138)
For documentation on this error, please visit: https://www.seleniumhq.org/exceptions/no_such_element.html
Build info: version: &amp;apos;3.141.59&amp;apos;, revision: &amp;apos;e82be7d358&amp;apos;, time: &amp;apos;2018-11-14T08:17:03&amp;apos;
System info: host: &amp;apos;EZEKIELLA&amp;apos;, ip: &amp;apos;192.168.178.42&amp;apos;, os.name: &amp;apos;Windows 10&amp;apos;, os.arch: &amp;apos;amd64&amp;apos;, os.version: &amp;apos;10.0&amp;apos;, java.version: &amp;apos;1.8.0_191&amp;apos;
Driver info: org.openqa.selenium.chrome.ChromeDriver
Capabilities {acceptInsecureCerts: false, browserName: chrome, browserVersion: 81.0.4044.138, chrome: {chromedriverVersion: 80.0.3987.106 (f68069574609..., userDataDir: C:\Users\JE\AppData\Local\T...}, goog:chromeOptions: {debuggerAddress: localhost:57920}, javascriptEnabled: true, networkConnectionEnabled: false, pageLoadStrategy: normal, platform: WINDOWS, platformName: WINDOWS, proxy: Proxy(), setWindowRect: true, strictFileInteractability: false, timeouts: {implicit: 0, pageLoad: 300000, script: 30000}, unhandledPromptBehavior: dismiss and notify}
Session ID: 9b9a5d2a8ed066a7c7de1fb1f21cf75e
*** Element info: {Using=xpath, value=//input[@formcontrolname = &amp;apos;email&amp;apos;]}">
      <![CDATA[org.openqa.selenium.NoSuchElementException: no such element: Unable to locate element: {"method":"xpath","selector":"//input[@formcontrolname = 'email']"}
  (Session info: chrome=81.0.4044.138)
For documentation on this error, please visit: https://www.seleniumhq.org/exceptions/no_such_element.html
Build info: version: '3.141.59', revision: 'e82be7d358', time: '2018-11-14T08:17:03'
System info: host: 'EZEKIELLA', ip: '192.168.178.42', os.name: 'Windows 10', os.arch: 'amd64', os.version: '10.0', java.version: '1.8.0_191'
Driver info: org.openqa.selenium.chrome.ChromeDriver
Capabilities {acceptInsecureCerts: false, browserName: chrome, browserVersion: 81.0.4044.138, chrome: {chromedriverVersion: 80.0.3987.106 (f68069574609..., userDataDir: C:\Users\JE\AppData\Local\T...}, goog:chromeOptions: {debuggerAddress: localhost:57920}, javascriptEnabled: true, networkConnectionEnabled: false, pageLoadStrategy: normal, platform: WINDOWS, platformName: WINDOWS, proxy: Proxy(), setWindowRect: true, strictFileInteractability: false, timeouts: {implicit: 0, pageLoad: 300000, script: 30000}, unhandledPromptBehavior: dismiss and notify}
Session ID: 9b9a5d2a8ed066a7c7de1fb1f21cf75e
*** Element info: {Using=xpath, value=//input[@formcontrolname = 'email']}
at org.openqa.selenium.remote.http.W3CHttpResponseCodec.createException(W3CHttpResponseCodec.java:187)
at org.openqa.selenium.remote.http.W3CHttpResponseCodec.decode(W3CHttpResponseCodec.java:122)
at org.openqa.selenium.remote.http.W3CHttpResponseCodec.decode(W3CHttpResponseCodec.java:49)
at org.openqa.selenium.remote.HttpCommandExecutor.execute(HttpCommandExecutor.java:158)
at org.openqa.selenium.remote.service.DriverCommandExecutor.execute(DriverCommandExecutor.java:83)
at org.openqa.selenium.remote.RemoteWebDriver.execute(RemoteWebDriver.java:552)
at org.openqa.selenium.remote.RemoteWebDriver.findElement(RemoteWebDriver.java:323)
at org.openqa.selenium.remote.RemoteWebDriver.findElementByXPath(RemoteWebDriver.java:428)
at org.openqa.selenium.By$ByXPath.findElement(By.java:353)
at org.openqa.selenium.remote.RemoteWebDriver.findElement(RemoteWebDriver.java:315)
at pages.LoginPage.enterUserEmail(LoginPage.java:20)
at testLogin.LoginTest.userLogin(LoginTest.java:15)
at java.util.ArrayList.forEach(ArrayList.java:1257)
... Removed 41 stack frames]]>
    </failure>
  </testcase> <!-- userLogin -->
  <testcase name="clickBuyAirtimePage" time="5.196" classname="testDashboard.DashboardTest"/>
  <testcase name="clickRequestMoneyPage" time="5.117" classname="testDashboard.DashboardTest"/>
  <testcase name="clickSettings" time="5.122" classname="testDashboard.DashboardTest"/>
  <testcase name="clickSubWalletsMenu" time="5.134" classname="testDashboard.DashboardTest"/>
  <testcase name="clickTransactions" time="5.154" classname="testDashboard.DashboardTest"/>
  <testcase name="userLogin" time="10.039" classname="testLogin.LoginTest">
    <failure type="org.openqa.selenium.NoSuchElementException" message="no such element: Unable to locate element: {&amp;quot;method&amp;quot;:&amp;quot;xpath&amp;quot;,&amp;quot;selector&amp;quot;:&amp;quot;//input[@formcontrolname = &amp;apos;email&amp;apos;]&amp;quot;}
  (Session info: chrome=81.0.4044.138)
For documentation on this error, please visit: https://www.seleniumhq.org/exceptions/no_such_element.html
Build info: version: &amp;apos;3.141.59&amp;apos;, revision: &amp;apos;e82be7d358&amp;apos;, time: &amp;apos;2018-11-14T08:17:03&amp;apos;
System info: host: &amp;apos;EZEKIELLA&amp;apos;, ip: &amp;apos;192.168.178.42&amp;apos;, os.name: &amp;apos;Windows 10&amp;apos;, os.arch: &amp;apos;amd64&amp;apos;, os.version: &amp;apos;10.0&amp;apos;, java.version: &amp;apos;1.8.0_191&amp;apos;
Driver info: org.openqa.selenium.chrome.ChromeDriver
Capabilities {acceptInsecureCerts: false, browserName: chrome, browserVersion: 81.0.4044.138, chrome: {chromedriverVersion: 80.0.3987.106 (f68069574609..., userDataDir: C:\Users\JE\AppData\Local\T...}, goog:chromeOptions: {debuggerAddress: localhost:57920}, javascriptEnabled: true, networkConnectionEnabled: false, pageLoadStrategy: normal, platform: WINDOWS, platformName: WINDOWS, proxy: Proxy(), setWindowRect: true, strictFileInteractability: false, timeouts: {implicit: 0, pageLoad: 300000, script: 30000}, unhandledPromptBehavior: dismiss and notify}
Session ID: 9b9a5d2a8ed066a7c7de1fb1f21cf75e
*** Element info: {Using=xpath, value=//input[@formcontrolname = &amp;apos;email&amp;apos;]}">
      <![CDATA[org.openqa.selenium.NoSuchElementException: no such element: Unable to locate element: {"method":"xpath","selector":"//input[@formcontrolname = 'email']"}
  (Session info: chrome=81.0.4044.138)
For documentation on this error, please visit: https://www.seleniumhq.org/exceptions/no_such_element.html
Build info: version: '3.141.59', revision: 'e82be7d358', time: '2018-11-14T08:17:03'
System info: host: 'EZEKIELLA', ip: '192.168.178.42', os.name: 'Windows 10', os.arch: 'amd64', os.version: '10.0', java.version: '1.8.0_191'
Driver info: org.openqa.selenium.chrome.ChromeDriver
Capabilities {acceptInsecureCerts: false, browserName: chrome, browserVersion: 81.0.4044.138, chrome: {chromedriverVersion: 80.0.3987.106 (f68069574609..., userDataDir: C:\Users\JE\AppData\Local\T...}, goog:chromeOptions: {debuggerAddress: localhost:57920}, javascriptEnabled: true, networkConnectionEnabled: false, pageLoadStrategy: normal, platform: WINDOWS, platformName: WINDOWS, proxy: Proxy(), setWindowRect: true, strictFileInteractability: false, timeouts: {implicit: 0, pageLoad: 300000, script: 30000}, unhandledPromptBehavior: dismiss and notify}
Session ID: 9b9a5d2a8ed066a7c7de1fb1f21cf75e
*** Element info: {Using=xpath, value=//input[@formcontrolname = 'email']}
at org.openqa.selenium.remote.http.W3CHttpResponseCodec.createException(W3CHttpResponseCodec.java:187)
at org.openqa.selenium.remote.http.W3CHttpResponseCodec.decode(W3CHttpResponseCodec.java:122)
at org.openqa.selenium.remote.http.W3CHttpResponseCodec.decode(W3CHttpResponseCodec.java:49)
at org.openqa.selenium.remote.HttpCommandExecutor.execute(HttpCommandExecutor.java:158)
at org.openqa.selenium.remote.service.DriverCommandExecutor.execute(DriverCommandExecutor.java:83)
at org.openqa.selenium.remote.RemoteWebDriver.execute(RemoteWebDriver.java:552)
at org.openqa.selenium.remote.RemoteWebDriver.findElement(RemoteWebDriver.java:323)
at org.openqa.selenium.remote.RemoteWebDriver.findElementByXPath(RemoteWebDriver.java:428)
at org.openqa.selenium.By$ByXPath.findElement(By.java:353)
at org.openqa.selenium.remote.RemoteWebDriver.findElement(RemoteWebDriver.java:315)
at pages.LoginPage.enterUserEmail(LoginPage.java:20)
at testLogin.LoginTest.userLogin(LoginTest.java:15)
at java.util.ArrayList.forEach(ArrayList.java:1257)
... Removed 41 stack frames]]>
    </failure>
  </testcase> <!-- userLogin -->
  <testcase name="clickViewMoreButton" time="0.0" classname="testDashboard.DashboardTest">
    <skipped/>
  </testcase> <!-- clickViewMoreButton -->
  <testcase name="fundWalletBitCoin" time="0.0" classname="testDashboard.DashboardTest">
    <skipped/>
  </testcase> <!-- fundWalletBitCoin -->
  <testcase name="fundWalletDebitCard" time="0.0" classname="testDashboard.DashboardTest">
    <skipped/>
  </testcase> <!-- fundWalletDebitCard -->
  <testcase name="getOverdraft" time="0.0" classname="testDashboard.DashboardTest">
    <skipped/>
  </testcase> <!-- getOverdraft -->
  <testcase name="logout" time="0.0" classname="testDashboard.DashboardTest">
    <skipped/>
  </testcase> <!-- logout -->
  <testcase name="viewDashboard" time="0.0" classname="testDashboard.DashboardTest">
    <skipped/>
  </testcase> <!-- viewDashboard -->
  <testcase name="viewProfile" time="0.0" classname="testDashboard.DashboardTest">
    <skipped/>
  </testcase> <!-- viewProfile -->
  <testcase name="viewTransactionSummary" time="0.0" classname="testDashboard.DashboardTest">
    <skipped/>
  </testcase> <!-- viewTransactionSummary -->
  <testcase name="clickCopy" time="0.0" classname="testRequestMoney.RequestMoneyPageTest">
    <skipped/>
  </testcase> <!-- clickCopy -->
  <testcase name="clickDelete" time="0.0" classname="testRequestMoney.RequestMoneyPageTest">
    <skipped/>
  </testcase> <!-- clickDelete -->
  <testcase name="clickVisit" time="0.0" classname="testRequestMoney.RequestMoneyPageTest">
    <skipped/>
  </testcase> <!-- clickVisit -->
  <testcase name="createNewRequest" time="0.0" classname="testRequestMoney.RequestMoneyPageTest">
    <skipped/>
  </testcase> <!-- createNewRequest -->
  <testcase name="clickBuyAirtimePage" time="5.367" classname="testDashboard.DashboardTest"/>
  <testcase name="clickRequestMoneyPage" time="5.098" classname="testDashboard.DashboardTest"/>
  <testcase name="clickSettings" time="5.159" classname="testDashboard.DashboardTest"/>
  <testcase name="clickSubWalletsMenu" time="5.081" classname="testDashboard.DashboardTest"/>
  <testcase name="clickTransactions" time="5.121" classname="testDashboard.DashboardTest"/>
  <testcase name="userLogin" time="10.039" classname="testLogin.LoginTest">
    <failure type="org.openqa.selenium.NoSuchElementException" message="no such element: Unable to locate element: {&amp;quot;method&amp;quot;:&amp;quot;xpath&amp;quot;,&amp;quot;selector&amp;quot;:&amp;quot;//input[@formcontrolname = &amp;apos;email&amp;apos;]&amp;quot;}
  (Session info: chrome=81.0.4044.138)
For documentation on this error, please visit: https://www.seleniumhq.org/exceptions/no_such_element.html
Build info: version: &amp;apos;3.141.59&amp;apos;, revision: &amp;apos;e82be7d358&amp;apos;, time: &amp;apos;2018-11-14T08:17:03&amp;apos;
System info: host: &amp;apos;EZEKIELLA&amp;apos;, ip: &amp;apos;192.168.178.42&amp;apos;, os.name: &amp;apos;Windows 10&amp;apos;, os.arch: &amp;apos;amd64&amp;apos;, os.version: &amp;apos;10.0&amp;apos;, java.version: &amp;apos;1.8.0_191&amp;apos;
Driver info: org.openqa.selenium.chrome.ChromeDriver
Capabilities {acceptInsecureCerts: false, browserName: chrome, browserVersion: 81.0.4044.138, chrome: {chromedriverVersion: 80.0.3987.106 (f68069574609..., userDataDir: C:\Users\JE\AppData\Local\T...}, goog:chromeOptions: {debuggerAddress: localhost:57920}, javascriptEnabled: true, networkConnectionEnabled: false, pageLoadStrategy: normal, platform: WINDOWS, platformName: WINDOWS, proxy: Proxy(), setWindowRect: true, strictFileInteractability: false, timeouts: {implicit: 0, pageLoad: 300000, script: 30000}, unhandledPromptBehavior: dismiss and notify}
Session ID: 9b9a5d2a8ed066a7c7de1fb1f21cf75e
*** Element info: {Using=xpath, value=//input[@formcontrolname = &amp;apos;email&amp;apos;]}">
      <![CDATA[org.openqa.selenium.NoSuchElementException: no such element: Unable to locate element: {"method":"xpath","selector":"//input[@formcontrolname = 'email']"}
  (Session info: chrome=81.0.4044.138)
For documentation on this error, please visit: https://www.seleniumhq.org/exceptions/no_such_element.html
Build info: version: '3.141.59', revision: 'e82be7d358', time: '2018-11-14T08:17:03'
System info: host: 'EZEKIELLA', ip: '192.168.178.42', os.name: 'Windows 10', os.arch: 'amd64', os.version: '10.0', java.version: '1.8.0_191'
Driver info: org.openqa.selenium.chrome.ChromeDriver
Capabilities {acceptInsecureCerts: false, browserName: chrome, browserVersion: 81.0.4044.138, chrome: {chromedriverVersion: 80.0.3987.106 (f68069574609..., userDataDir: C:\Users\JE\AppData\Local\T...}, goog:chromeOptions: {debuggerAddress: localhost:57920}, javascriptEnabled: true, networkConnectionEnabled: false, pageLoadStrategy: normal, platform: WINDOWS, platformName: WINDOWS, proxy: Proxy(), setWindowRect: true, strictFileInteractability: false, timeouts: {implicit: 0, pageLoad: 300000, script: 30000}, unhandledPromptBehavior: dismiss and notify}
Session ID: 9b9a5d2a8ed066a7c7de1fb1f21cf75e
*** Element info: {Using=xpath, value=//input[@formcontrolname = 'email']}
at org.openqa.selenium.remote.http.W3CHttpResponseCodec.createException(W3CHttpResponseCodec.java:187)
at org.openqa.selenium.remote.http.W3CHttpResponseCodec.decode(W3CHttpResponseCodec.java:122)
at org.openqa.selenium.remote.http.W3CHttpResponseCodec.decode(W3CHttpResponseCodec.java:49)
at org.openqa.selenium.remote.HttpCommandExecutor.execute(HttpCommandExecutor.java:158)
at org.openqa.selenium.remote.service.DriverCommandExecutor.execute(DriverCommandExecutor.java:83)
at org.openqa.selenium.remote.RemoteWebDriver.execute(RemoteWebDriver.java:552)
at org.openqa.selenium.remote.RemoteWebDriver.findElement(RemoteWebDriver.java:323)
at org.openqa.selenium.remote.RemoteWebDriver.findElementByXPath(RemoteWebDriver.java:428)
at org.openqa.selenium.By$ByXPath.findElement(By.java:353)
at org.openqa.selenium.remote.RemoteWebDriver.findElement(RemoteWebDriver.java:315)
at pages.LoginPage.enterUserEmail(LoginPage.java:20)
at testLogin.LoginTest.userLogin(LoginTest.java:15)
at java.util.ArrayList.forEach(ArrayList.java:1257)
... Removed 41 stack frames]]>
    </failure>
  </testcase> <!-- userLogin -->
  <testcase name="clickViewMoreButton" time="0.0" classname="testDashboard.DashboardTest">
    <skipped/>
  </testcase> <!-- clickViewMoreButton -->
  <testcase name="fundWalletBitCoin" time="0.0" classname="testDashboard.DashboardTest">
    <skipped/>
  </testcase> <!-- fundWalletBitCoin -->
  <testcase name="fundWalletDebitCard" time="0.0" classname="testDashboard.DashboardTest">
    <skipped/>
  </testcase> <!-- fundWalletDebitCard -->
  <testcase name="getOverdraft" time="0.0" classname="testDashboard.DashboardTest">
    <skipped/>
  </testcase> <!-- getOverdraft -->
  <testcase name="logout" time="0.0" classname="testDashboard.DashboardTest">
    <skipped/>
  </testcase> <!-- logout -->
  <testcase name="viewDashboard" time="0.0" classname="testDashboard.DashboardTest">
    <skipped/>
  </testcase> <!-- viewDashboard -->
  <testcase name="viewProfile" time="0.0" classname="testDashboard.DashboardTest">
    <skipped/>
  </testcase> <!-- viewProfile -->
  <testcase name="viewTransactionSummary" time="0.0" classname="testDashboard.DashboardTest">
    <skipped/>
  </testcase> <!-- viewTransactionSummary -->
  <testcase name="changePassword" time="0.0" classname="testSettings.SettingsTest">
    <skipped/>
  </testcase> <!-- changePassword -->
  <testcase name="changePin" time="0.0" classname="testSettings.SettingsTest">
    <skipped/>
  </testcase> <!-- changePin -->
  <testcase name="editBusinessAddress" time="0.0" classname="testSettings.SettingsTest">
    <skipped/>
  </testcase> <!-- editBusinessAddress -->
  <testcase name="getItOnAppStore" time="0.0" classname="testSettings.SettingsTest">
    <skipped/>
  </testcase> <!-- getItOnAppStore -->
  <testcase name="getItOnGoogle" time="0.0" classname="testSettings.SettingsTest">
    <skipped/>
  </testcase> <!-- getItOnGoogle -->
  <testcase name="clickBuyAirtimePage" time="5.17" classname="testDashboard.DashboardTest"/>
  <testcase name="clickRequestMoneyPage" time="5.157" classname="testDashboard.DashboardTest"/>
  <testcase name="clickSettings" time="5.161" classname="testDashboard.DashboardTest"/>
  <testcase name="clickTransactions" time="5.19" classname="testDashboard.DashboardTest"/>
  <testcase name="userLogin" time="10.03" classname="testLogin.LoginTest">
    <failure type="org.openqa.selenium.NoSuchElementException" message="no such element: Unable to locate element: {&amp;quot;method&amp;quot;:&amp;quot;xpath&amp;quot;,&amp;quot;selector&amp;quot;:&amp;quot;//input[@formcontrolname = &amp;apos;email&amp;apos;]&amp;quot;}
  (Session info: chrome=81.0.4044.138)
For documentation on this error, please visit: https://www.seleniumhq.org/exceptions/no_such_element.html
Build info: version: &amp;apos;3.141.59&amp;apos;, revision: &amp;apos;e82be7d358&amp;apos;, time: &amp;apos;2018-11-14T08:17:03&amp;apos;
System info: host: &amp;apos;EZEKIELLA&amp;apos;, ip: &amp;apos;192.168.178.42&amp;apos;, os.name: &amp;apos;Windows 10&amp;apos;, os.arch: &amp;apos;amd64&amp;apos;, os.version: &amp;apos;10.0&amp;apos;, java.version: &amp;apos;1.8.0_191&amp;apos;
Driver info: org.openqa.selenium.chrome.ChromeDriver
Capabilities {acceptInsecureCerts: false, browserName: chrome, browserVersion: 81.0.4044.138, chrome: {chromedriverVersion: 80.0.3987.106 (f68069574609..., userDataDir: C:\Users\JE\AppData\Local\T...}, goog:chromeOptions: {debuggerAddress: localhost:57920}, javascriptEnabled: true, networkConnectionEnabled: false, pageLoadStrategy: normal, platform: WINDOWS, platformName: WINDOWS, proxy: Proxy(), setWindowRect: true, strictFileInteractability: false, timeouts: {implicit: 0, pageLoad: 300000, script: 30000}, unhandledPromptBehavior: dismiss and notify}
Session ID: 9b9a5d2a8ed066a7c7de1fb1f21cf75e
*** Element info: {Using=xpath, value=//input[@formcontrolname = &amp;apos;email&amp;apos;]}">
      <![CDATA[org.openqa.selenium.NoSuchElementException: no such element: Unable to locate element: {"method":"xpath","selector":"//input[@formcontrolname = 'email']"}
  (Session info: chrome=81.0.4044.138)
For documentation on this error, please visit: https://www.seleniumhq.org/exceptions/no_such_element.html
Build info: version: '3.141.59', revision: 'e82be7d358', time: '2018-11-14T08:17:03'
System info: host: 'EZEKIELLA', ip: '192.168.178.42', os.name: 'Windows 10', os.arch: 'amd64', os.version: '10.0', java.version: '1.8.0_191'
Driver info: org.openqa.selenium.chrome.ChromeDriver
Capabilities {acceptInsecureCerts: false, browserName: chrome, browserVersion: 81.0.4044.138, chrome: {chromedriverVersion: 80.0.3987.106 (f68069574609..., userDataDir: C:\Users\JE\AppData\Local\T...}, goog:chromeOptions: {debuggerAddress: localhost:57920}, javascriptEnabled: true, networkConnectionEnabled: false, pageLoadStrategy: normal, platform: WINDOWS, platformName: WINDOWS, proxy: Proxy(), setWindowRect: true, strictFileInteractability: false, timeouts: {implicit: 0, pageLoad: 300000, script: 30000}, unhandledPromptBehavior: dismiss and notify}
Session ID: 9b9a5d2a8ed066a7c7de1fb1f21cf75e
*** Element info: {Using=xpath, value=//input[@formcontrolname = 'email']}
at org.openqa.selenium.remote.http.W3CHttpResponseCodec.createException(W3CHttpResponseCodec.java:187)
at org.openqa.selenium.remote.http.W3CHttpResponseCodec.decode(W3CHttpResponseCodec.java:122)
at org.openqa.selenium.remote.http.W3CHttpResponseCodec.decode(W3CHttpResponseCodec.java:49)
at org.openqa.selenium.remote.HttpCommandExecutor.execute(HttpCommandExecutor.java:158)
at org.openqa.selenium.remote.service.DriverCommandExecutor.execute(DriverCommandExecutor.java:83)
at org.openqa.selenium.remote.RemoteWebDriver.execute(RemoteWebDriver.java:552)
at org.openqa.selenium.remote.RemoteWebDriver.findElement(RemoteWebDriver.java:323)
at org.openqa.selenium.remote.RemoteWebDriver.findElementByXPath(RemoteWebDriver.java:428)
at org.openqa.selenium.By$ByXPath.findElement(By.java:353)
at org.openqa.selenium.remote.RemoteWebDriver.findElement(RemoteWebDriver.java:315)
at pages.LoginPage.enterUserEmail(LoginPage.java:20)
at testLogin.LoginTest.userLogin(LoginTest.java:15)
at java.util.ArrayList.forEach(ArrayList.java:1257)
... Removed 41 stack frames]]>
    </failure>
  </testcase> <!-- userLogin -->
  <testcase name="clickViewMoreButton" time="0.0" classname="testDashboard.DashboardTest">
    <skipped/>
  </testcase> <!-- clickViewMoreButton -->
  <testcase name="fundWalletBitCoin" time="0.0" classname="testDashboard.DashboardTest">
    <skipped/>
  </testcase> <!-- fundWalletBitCoin -->
  <testcase name="fundWalletDebitCard" time="0.0" classname="testDashboard.DashboardTest">
    <skipped/>
  </testcase> <!-- fundWalletDebitCard -->
  <testcase name="getOverdraft" time="0.0" classname="testDashboard.DashboardTest">
    <skipped/>
  </testcase> <!-- getOverdraft -->
  <testcase name="logout" time="0.0" classname="testDashboard.DashboardTest">
    <skipped/>
  </testcase> <!-- logout -->
  <testcase name="viewDashboard" time="0.0" classname="testDashboard.DashboardTest">
    <skipped/>
  </testcase> <!-- viewDashboard -->
  <testcase name="viewProfile" time="0.0" classname="testDashboard.DashboardTest">
    <skipped/>
  </testcase> <!-- viewProfile -->
  <testcase name="viewTransactionSummary" time="0.0" classname="testDashboard.DashboardTest">
    <skipped/>
  </testcase> <!-- viewTransactionSummary -->
  <testcase name="clickSubWalletsMenu" time="0.0" classname="testSubWallet.SubWalletTest">
    <skipped/>
  </testcase> <!-- clickSubWalletsMenu -->
  <testcase name="createNewSubWallet" time="0.0" classname="testSubWallet.SubWalletTest">
    <skipped/>
  </testcase> <!-- createNewSubWallet -->
  <testcase name="fundWallet" time="0.0" classname="testSubWallet.SubWalletTest">
    <skipped/>
  </testcase> <!-- fundWallet -->
  <testcase name="viewASubWallet" time="0.0" classname="testSubWallet.SubWalletTest">
    <skipped/>
  </testcase> <!-- viewASubWallet -->
  <testcase name="withdrawFromSubWallet" time="0.0" classname="testSubWallet.SubWalletTest">
    <skipped/>
  </testcase> <!-- withdrawFromSubWallet -->
  <testcase name="clickBuyAirtimePage" time="5.168" classname="testDashboard.DashboardTest"/>
  <testcase name="clickRequestMoneyPage" time="5.164" classname="testDashboard.DashboardTest"/>
  <testcase name="clickSettings" time="5.095" classname="testDashboard.DashboardTest"/>
  <testcase name="clickSubWalletsMenu" time="5.109" classname="testDashboard.DashboardTest"/>
  <testcase name="clickTransactions" time="5.115" classname="testDashboard.DashboardTest"/>
  <testcase name="userLogin" time="10.033" classname="testLogin.LoginTest">
    <failure type="org.openqa.selenium.NoSuchElementException" message="no such element: Unable to locate element: {&amp;quot;method&amp;quot;:&amp;quot;xpath&amp;quot;,&amp;quot;selector&amp;quot;:&amp;quot;//input[@formcontrolname = &amp;apos;email&amp;apos;]&amp;quot;}
  (Session info: chrome=81.0.4044.138)
For documentation on this error, please visit: https://www.seleniumhq.org/exceptions/no_such_element.html
Build info: version: &amp;apos;3.141.59&amp;apos;, revision: &amp;apos;e82be7d358&amp;apos;, time: &amp;apos;2018-11-14T08:17:03&amp;apos;
System info: host: &amp;apos;EZEKIELLA&amp;apos;, ip: &amp;apos;192.168.178.42&amp;apos;, os.name: &amp;apos;Windows 10&amp;apos;, os.arch: &amp;apos;amd64&amp;apos;, os.version: &amp;apos;10.0&amp;apos;, java.version: &amp;apos;1.8.0_191&amp;apos;
Driver info: org.openqa.selenium.chrome.ChromeDriver
Capabilities {acceptInsecureCerts: false, browserName: chrome, browserVersion: 81.0.4044.138, chrome: {chromedriverVersion: 80.0.3987.106 (f68069574609..., userDataDir: C:\Users\JE\AppData\Local\T...}, goog:chromeOptions: {debuggerAddress: localhost:57920}, javascriptEnabled: true, networkConnectionEnabled: false, pageLoadStrategy: normal, platform: WINDOWS, platformName: WINDOWS, proxy: Proxy(), setWindowRect: true, strictFileInteractability: false, timeouts: {implicit: 0, pageLoad: 300000, script: 30000}, unhandledPromptBehavior: dismiss and notify}
Session ID: 9b9a5d2a8ed066a7c7de1fb1f21cf75e
*** Element info: {Using=xpath, value=//input[@formcontrolname = &amp;apos;email&amp;apos;]}">
      <![CDATA[org.openqa.selenium.NoSuchElementException: no such element: Unable to locate element: {"method":"xpath","selector":"//input[@formcontrolname = 'email']"}
  (Session info: chrome=81.0.4044.138)
For documentation on this error, please visit: https://www.seleniumhq.org/exceptions/no_such_element.html
Build info: version: '3.141.59', revision: 'e82be7d358', time: '2018-11-14T08:17:03'
System info: host: 'EZEKIELLA', ip: '192.168.178.42', os.name: 'Windows 10', os.arch: 'amd64', os.version: '10.0', java.version: '1.8.0_191'
Driver info: org.openqa.selenium.chrome.ChromeDriver
Capabilities {acceptInsecureCerts: false, browserName: chrome, browserVersion: 81.0.4044.138, chrome: {chromedriverVersion: 80.0.3987.106 (f68069574609..., userDataDir: C:\Users\JE\AppData\Local\T...}, goog:chromeOptions: {debuggerAddress: localhost:57920}, javascriptEnabled: true, networkConnectionEnabled: false, pageLoadStrategy: normal, platform: WINDOWS, platformName: WINDOWS, proxy: Proxy(), setWindowRect: true, strictFileInteractability: false, timeouts: {implicit: 0, pageLoad: 300000, script: 30000}, unhandledPromptBehavior: dismiss and notify}
Session ID: 9b9a5d2a8ed066a7c7de1fb1f21cf75e
*** Element info: {Using=xpath, value=//input[@formcontrolname = 'email']}
at org.openqa.selenium.remote.http.W3CHttpResponseCodec.createException(W3CHttpResponseCodec.java:187)
at org.openqa.selenium.remote.http.W3CHttpResponseCodec.decode(W3CHttpResponseCodec.java:122)
at org.openqa.selenium.remote.http.W3CHttpResponseCodec.decode(W3CHttpResponseCodec.java:49)
at org.openqa.selenium.remote.HttpCommandExecutor.execute(HttpCommandExecutor.java:158)
at org.openqa.selenium.remote.service.DriverCommandExecutor.execute(DriverCommandExecutor.java:83)
at org.openqa.selenium.remote.RemoteWebDriver.execute(RemoteWebDriver.java:552)
at org.openqa.selenium.remote.RemoteWebDriver.findElement(RemoteWebDriver.java:323)
at org.openqa.selenium.remote.RemoteWebDriver.findElementByXPath(RemoteWebDriver.java:428)
at org.openqa.selenium.By$ByXPath.findElement(By.java:353)
at org.openqa.selenium.remote.RemoteWebDriver.findElement(RemoteWebDriver.java:315)
at pages.LoginPage.enterUserEmail(LoginPage.java:20)
at testLogin.LoginTest.userLogin(LoginTest.java:15)
at java.util.ArrayList.forEach(ArrayList.java:1257)
... Removed 41 stack frames]]>
    </failure>
  </testcase> <!-- userLogin -->
  <testcase name="clickViewMoreButton" time="0.0" classname="testDashboard.DashboardTest">
    <skipped/>
  </testcase> <!-- clickViewMoreButton -->
  <testcase name="fundWalletBitCoin" time="0.0" classname="testDashboard.DashboardTest">
    <skipped/>
  </testcase> <!-- fundWalletBitCoin -->
  <testcase name="fundWalletDebitCard" time="0.0" classname="testDashboard.DashboardTest">
    <skipped/>
  </testcase> <!-- fundWalletDebitCard -->
  <testcase name="getOverdraft" time="0.0" classname="testDashboard.DashboardTest">
    <skipped/>
  </testcase> <!-- getOverdraft -->
  <testcase name="logout" time="0.0" classname="testDashboard.DashboardTest">
    <skipped/>
  </testcase> <!-- logout -->
  <testcase name="viewDashboard" time="0.0" classname="testDashboard.DashboardTest">
    <skipped/>
  </testcase> <!-- viewDashboard -->
  <testcase name="viewProfile" time="0.0" classname="testDashboard.DashboardTest">
    <skipped/>
  </testcase> <!-- viewProfile -->
  <testcase name="viewTransactionSummary" time="0.0" classname="testDashboard.DashboardTest">
    <skipped/>
  </testcase> <!-- viewTransactionSummary -->
  <testcase name="exportTransaction" time="0.0" classname="testTransactions.TransactionsTest">
    <skipped/>
  </testcase> <!-- exportTransaction -->
  <testcase name="reportTransaction" time="0.0" classname="testTransactions.TransactionsTest">
    <skipped/>
  </testcase> <!-- reportTransaction -->
  <testcase name="searchByCategory" time="0.0" classname="testTransactions.TransactionsTest">
    <skipped/>
  </testcase> <!-- searchByCategory -->
  <testcase name="searchByDate" time="0.0" classname="testTransactions.TransactionsTest">
    <skipped/>
  </testcase> <!-- searchByDate -->
  <testcase name="viewAllTransactions" time="0.0" classname="testTransactions.TransactionsTest">
    <skipped/>
  </testcase> <!-- viewAllTransactions -->
  <testcase name="viewTransaction" time="0.0" classname="testTransactions.TransactionsTest">
    <skipped/>
  </testcase> <!-- viewTransaction -->
  <testcase name="@BeforeSuite setUp" time="0.0" classname="base.BasePage">
    <ignored/>
  </testcase> <!-- @BeforeSuite setUp -->
  <testcase name="@BeforeSuite setUp" time="0.0" classname="base.BasePage">
    <ignored/>
  </testcase> <!-- @BeforeSuite setUp -->
  <testcase name="@BeforeSuite setUp" time="0.0" classname="base.BasePage">
    <ignored/>
  </testcase> <!-- @BeforeSuite setUp -->
  <testcase name="@BeforeSuite setUp" time="0.0" classname="base.BasePage">
    <ignored/>
  </testcase> <!-- @BeforeSuite setUp -->
  <testcase name="@BeforeSuite setUp" time="0.0" classname="base.BasePage">
    <ignored/>
  </testcase> <!-- @BeforeSuite setUp -->
  <testcase name="@BeforeSuite setUp" time="0.0" classname="base.BasePage">
    <ignored/>
  </testcase> <!-- @BeforeSuite setUp -->
  <testcase name="@AfterSuite tearDown" time="0.0" classname="base.BasePage">
    <ignored/>
  </testcase> <!-- @AfterSuite tearDown -->
  <testcase name="@AfterSuite tearDown" time="0.0" classname="base.BasePage">
    <ignored/>
  </testcase> <!-- @AfterSuite tearDown -->
  <testcase name="@AfterSuite tearDown" time="0.0" classname="base.BasePage">
    <ignored/>
  </testcase> <!-- @AfterSuite tearDown -->
  <testcase name="@AfterSuite tearDown" time="0.0" classname="base.BasePage">
    <ignored/>
  </testcase> <!-- @AfterSuite tearDown -->
  <testcase name="@AfterSuite tearDown" time="0.0" classname="base.BasePage">
    <ignored/>
  </testcase> <!-- @AfterSuite tearDown -->
  <testcase name="@AfterSuite tearDown" time="0.0" classname="base.BasePage">
    <ignored/>
  </testcase> <!-- @AfterSuite tearDown -->
</testsuite> <!-- Command line test -->
