<?xml version="1.0" encoding="UTF-8"?>
<!-- Generated by org.testng.reporters.JUnitReportReporter -->
<testsuite skipped="12" hostname="Ezekiella" name="testRequestMoney.RequestMoneyPageTest" tests="18" failures="0" timestamp="2020-05-25T22:38:38 CEST" time="35.762" errors="1">
  <testcase name="clickRequestMoneyPage" time="5.117" classname="testRequestMoney.RequestMoneyPageTest"/>
  <system-out/>
  <testcase name="clickDelete" time="0.000" classname="testRequestMoney.RequestMoneyPageTest">
    <skipped/>
  </testcase> <!-- clickDelete -->
  <system-out/>
  <testcase name="userLogin" time="10.039" classname="testRequestMoney.RequestMoneyPageTest">
    <error type="org.openqa.selenium.NoSuchElementException" message="no such element: Unable to locate element: {&quot;method&quot;:&quot;xpath&quot;,&quot;selector&quot;:&quot;//input[@formcontrolname = &#039;email&#039;]&quot;}
  (Session info: chrome=81.0.4044.138)
For documentation on this error, please visit: https://www.seleniumhq.org/exceptions/no_such_element.html
Build info: version: &#039;3.141.59&#039;, revision: &#039;e82be7d358&#039;, time: &#039;2018-11-14T08:17:03&#039;
System info: host: &#039;EZEKIELLA&#039;, ip: &#039;192.168.178.42&#039;, os.name: &#039;Windows 10&#039;, os.arch: &#039;amd64&#039;, os.version: &#039;10.0&#039;, java.version: &#039;1.8.0_191&#039;
Driver info: org.openqa.selenium.chrome.ChromeDriver
Capabilities {acceptInsecureCerts: false, browserName: chrome, browserVersion: 81.0.4044.138, chrome: {chromedriverVersion: 80.0.3987.106 (f68069574609..., userDataDir: C:\Users\JE\AppData\Local\T...}, goog:chromeOptions: {debuggerAddress: localhost:57920}, javascriptEnabled: true, networkConnectionEnabled: false, pageLoadStrategy: normal, platform: WINDOWS, platformName: WINDOWS, proxy: Proxy(), setWindowRect: true, strictFileInteractability: false, timeouts: {implicit: 0, pageLoad: 300000, script: 30000}, unhandledPromptBehavior: dismiss and notify}
Session ID: 9b9a5d2a8ed066a7c7de1fb1f21cf75e
*** Element info: {Using=xpath, value=//input[@formcontrolname = &#039;email&#039;]}">
      <![CDATA[org.openqa.selenium.NoSuchElementException: no such element: Unable to locate element: {"method":"xpath","selector":"//input[@formcontrolname = 'email']"}
  (Session info: chrome=81.0.4044.138)
For documentation on this error, please visit: https://www.seleniumhq.org/exceptions/no_such_element.html
Build info: version: '3.141.59', revision: 'e82be7d358', time: '2018-11-14T08:17:03'
System info: host: 'EZEKIELLA', ip: '192.168.178.42', os.name: 'Windows 10', os.arch: 'amd64', os.version: '10.0', java.version: '1.8.0_191'
Driver info: org.openqa.selenium.chrome.ChromeDriver
Capabilities {acceptInsecureCerts: false, browserName: chrome, browserVersion: 81.0.4044.138, chrome: {chromedriverVersion: 80.0.3987.106 (f68069574609..., userDataDir: C:\Users\JE\AppData\Local\T...}, goog:chromeOptions: {debuggerAddress: localhost:57920}, javascriptEnabled: true, networkConnectionEnabled: false, pageLoadStrategy: normal, platform: WINDOWS, platformName: WINDOWS, proxy: Proxy(), setWindowRect: true, strictFileInteractability: false, timeouts: {implicit: 0, pageLoad: 300000, script: 30000}, unhandledPromptBehavior: dismiss and notify}
Session ID: 9b9a5d2a8ed066a7c7de1fb1f21cf75e
*** Element info: {Using=xpath, value=//input[@formcontrolname = 'email']}
at sun.reflect.NativeConstructorAccessorImpl.newInstance0(Native Method)
at sun.reflect.NativeConstructorAccessorImpl.newInstance(NativeConstructorAccessorImpl.java:62)
at sun.reflect.DelegatingConstructorAccessorImpl.newInstance(DelegatingConstructorAccessorImpl.java:45)
at java.lang.reflect.Constructor.newInstance(Constructor.java:423)
at org.openqa.selenium.remote.http.W3CHttpResponseCodec.createException(W3CHttpResponseCodec.java:187)
at org.openqa.selenium.remote.http.W3CHttpResponseCodec.decode(W3CHttpResponseCodec.java:122)
at org.openqa.selenium.remote.http.W3CHttpResponseCodec.decode(W3CHttpResponseCodec.java:49)
at org.openqa.selenium.remote.HttpCommandExecutor.execute(HttpCommandExecutor.java:158)
at org.openqa.selenium.remote.service.DriverCommandExecutor.execute(DriverCommandExecutor.java:83)
at org.openqa.selenium.remote.RemoteWebDriver.execute(RemoteWebDriver.java:552)
at org.openqa.selenium.remote.RemoteWebDriver.findElement(RemoteWebDriver.java:323)
at org.openqa.selenium.remote.RemoteWebDriver.findElementByXPath(RemoteWebDriver.java:428)
at org.openqa.selenium.By$ByXPath.findElement(By.java:353)
at org.openqa.selenium.remote.RemoteWebDriver.findElement(RemoteWebDriver.java:315)
at pages.LoginPage.enterUserEmail(LoginPage.java:20)
at testLogin.LoginTest.userLogin(LoginTest.java:15)
at sun.reflect.NativeMethodAccessorImpl.invoke0(Native Method)
at sun.reflect.NativeMethodAccessorImpl.invoke(NativeMethodAccessorImpl.java:62)
at sun.reflect.DelegatingMethodAccessorImpl.invoke(DelegatingMethodAccessorImpl.java:43)
at java.lang.reflect.Method.invoke(Method.java:498)
at org.testng.internal.MethodInvocationHelper.invokeMethod(MethodInvocationHelper.java:134)
at org.testng.internal.TestInvoker.invokeMethod(TestInvoker.java:597)
at org.testng.internal.TestInvoker.invokeTestMethod(TestInvoker.java:173)
at org.testng.internal.MethodRunner.runInSequence(MethodRunner.java:46)
at org.testng.internal.TestInvoker$MethodInvocationAgent.invoke(TestInvoker.java:816)
at org.testng.internal.TestInvoker.invokeTestMethods(TestInvoker.java:146)
at org.testng.internal.TestMethodWorker.invokeTestMethods(TestMethodWorker.java:146)
at org.testng.internal.TestMethodWorker.run(TestMethodWorker.java:128)
at java.util.ArrayList.forEach(ArrayList.java:1257)
at org.testng.TestRunner.privateRun(TestRunner.java:766)
at org.testng.TestRunner.run(TestRunner.java:587)
at org.testng.SuiteRunner.runTest(SuiteRunner.java:384)
at org.testng.SuiteRunner.runSequentially(SuiteRunner.java:378)
at org.testng.SuiteRunner.privateRun(SuiteRunner.java:337)
at org.testng.SuiteRunner.run(SuiteRunner.java:286)
at org.testng.SuiteRunnerWorker.runSuite(SuiteRunnerWorker.java:53)
at org.testng.SuiteRunnerWorker.run(SuiteRunnerWorker.java:96)
at org.testng.TestNG.runSuitesSequentially(TestNG.java:1187)
at org.testng.TestNG.runSuitesLocally(TestNG.java:1109)
at org.testng.TestNG.runSuites(TestNG.java:1039)
at org.testng.TestNG.run(TestNG.java:1007)
at org.apache.maven.surefire.testng.TestNGExecutor.run(TestNGExecutor.java:77)
at org.apache.maven.surefire.testng.TestNGDirectoryTestSuite.executeMulti(TestNGDirectoryTestSuite.java:159)
at org.apache.maven.surefire.testng.TestNGDirectoryTestSuite.execute(TestNGDirectoryTestSuite.java:99)
at org.apache.maven.surefire.testng.TestNGProvider.invoke(TestNGProvider.java:106)
at sun.reflect.NativeMethodAccessorImpl.invoke0(Native Method)
at sun.reflect.NativeMethodAccessorImpl.invoke(NativeMethodAccessorImpl.java:62)
at sun.reflect.DelegatingMethodAccessorImpl.invoke(DelegatingMethodAccessorImpl.java:43)
at java.lang.reflect.Method.invoke(Method.java:498)
at org.apache.maven.surefire.util.ReflectionUtils.invokeMethodWithArray(ReflectionUtils.java:189)
at org.apache.maven.surefire.booter.ProviderFactory$ProviderProxy.invoke(ProviderFactory.java:165)
at org.apache.maven.surefire.booter.ProviderFactory.invokeProvider(ProviderFactory.java:85)
at org.apache.maven.surefire.booter.ForkedBooter.runSuitesInProcess(ForkedBooter.java:115)
at org.apache.maven.surefire.booter.ForkedBooter.main(ForkedBooter.java:75)
]]>
    </error>
  </testcase> <!-- userLogin -->
  <system-out/>
  <testcase name="logout" time="0.000" classname="testRequestMoney.RequestMoneyPageTest">
    <skipped/>
  </testcase> <!-- logout -->
  <system-out/>
  <testcase name="viewTransactionSummary" time="0.000" classname="testRequestMoney.RequestMoneyPageTest">
    <skipped/>
  </testcase> <!-- viewTransactionSummary -->
  <system-out/>
  <testcase name="clickBuyAirtimePage" time="5.196" classname="testRequestMoney.RequestMoneyPageTest"/>
  <system-out/>
  <testcase name="fundWalletDebitCard" time="0.000" classname="testRequestMoney.RequestMoneyPageTest">
    <skipped/>
  </testcase> <!-- fundWalletDebitCard -->
  <system-out/>
  <testcase name="fundWalletBitCoin" time="0.000" classname="testRequestMoney.RequestMoneyPageTest">
    <skipped/>
  </testcase> <!-- fundWalletBitCoin -->
  <system-out/>
  <testcase name="clickCopy" time="0.000" classname="testRequestMoney.RequestMoneyPageTest">
    <skipped/>
  </testcase> <!-- clickCopy -->
  <system-out/>
  <testcase name="clickVisit" time="0.000" classname="testRequestMoney.RequestMoneyPageTest">
    <skipped/>
  </testcase> <!-- clickVisit -->
  <system-out/>
  <testcase name="clickViewMoreButton" time="0.000" classname="testRequestMoney.RequestMoneyPageTest">
    <skipped/>
  </testcase> <!-- clickViewMoreButton -->
  <system-out/>
  <testcase name="clickSettings" time="5.122" classname="testRequestMoney.RequestMoneyPageTest"/>
  <system-out/>
  <testcase name="clickSubWalletsMenu" time="5.134" classname="testRequestMoney.RequestMoneyPageTest"/>
  <system-out/>
  <testcase name="viewProfile" time="0.000" classname="testRequestMoney.RequestMoneyPageTest">
    <skipped/>
  </testcase> <!-- viewProfile -->
  <system-out/>
  <testcase name="clickTransactions" time="5.154" classname="testRequestMoney.RequestMoneyPageTest"/>
  <system-out/>
  <testcase name="createNewRequest" time="0.000" classname="testRequestMoney.RequestMoneyPageTest">
    <skipped/>
  </testcase> <!-- createNewRequest -->
  <system-out/>
  <testcase name="getOverdraft" time="0.000" classname="testRequestMoney.RequestMoneyPageTest">
    <skipped/>
  </testcase> <!-- getOverdraft -->
  <system-out/>
  <testcase name="viewDashboard" time="0.000" classname="testRequestMoney.RequestMoneyPageTest">
    <skipped/>
  </testcase> <!-- viewDashboard -->
  <system-out/>
</testsuite> <!-- testRequestMoney.RequestMoneyPageTest -->
